#
# There is insufficient memory for the Java Runtime Environment to continue.
# Native memory allocation (malloc) failed to allocate 1694192 bytes. Error detail: Chunk::new
# Possible reasons:
#   The system is out of physical RAM or swap space
#   This process is running with CompressedOops enabled, and the Java Heap may be blocking the growth of the native heap
# Possible solutions:
#   Reduce memory load on the system
#   Increase physical memory or swap space
#   Check if swap backing store is full
#   Decrease Java heap size (-Xmx/-Xms)
#   Decrease number of Java threads
#   Decrease Java thread stack sizes (-Xss)
#   Set larger code cache with -XX:ReservedCodeCacheSize=
#   JVM is running with Unscaled Compressed Oops mode in which the Java heap is
#     placed in the first 4GB address space. The Java Heap base address is the
#     maximum limit for the native heap growth. Please use -XX:HeapBaseMinAddress
#     to set the Java Heap base and to place the Java Heap above 4GB virtual address.
# This output file may be truncated or incomplete.
#
#  Out of Memory Error (arena.cpp:168), pid=6136, tid=22236
#
# JRE version: OpenJDK Runtime Environment Temurin-21.0.7+6 (21.0.7+6) (build 21.0.7+6-LTS)
# Java VM: OpenJDK 64-Bit Server VM Temurin-21.0.7+6 (21.0.7+6-LTS, mixed mode, sharing, tiered, compressed oops, compressed class ptrs, parallel gc, windows-amd64)
# No core dump will be written. Minidumps are not enabled by default on client versions of Windows
#

---------------  S U M M A R Y ------------

Command Line: --add-modules=ALL-SYSTEM --add-opens=java.base/java.util=ALL-UNNAMED --add-opens=java.base/java.lang=ALL-UNNAMED --add-opens=java.base/sun.nio.fs=ALL-UNNAMED -Declipse.application=org.eclipse.jdt.ls.core.id1 -Dosgi.bundles.defaultStartLevel=4 -Declipse.product=org.eclipse.jdt.ls.core.product -Djava.import.generatesMetadataFilesAtProjectRoot=false -DDetectVMInstallationsJob.disabled=true -Dfile.encoding=utf8 -XX:+UseParallelGC -XX:GCTimeRatio=4 -XX:AdaptiveSizePolicyWeight=90 -Dsun.zip.disableMemoryMapping=true -Xmx2G -Xms100m -Xlog:disable -javaagent:c:\Users\PC\.vscode\extensions\redhat.java-1.43.1-win32-x64\lombok\lombok-1.18.39-4050.jar c:\Users\PC\.vscode\extensions\redhat.java-1.43.1-win32-x64\server\plugins\org.eclipse.equinox.launcher_1.7.0.v20250519-0528.jar -configuration c:\Users\PC\AppData\Roaming\Code\User\globalStorage\redhat.java\1.43.1\config_ss_win -data c:\Users\PC\AppData\Roaming\Code\User\workspaceStorage\01e005c21acf5be0aefd708cab915f1a\redhat.java\ss_ws --pipe=\\.\pipe\lsp-2f6dc167d050bf4d932811d3ad078189-sock

Host: Intel(R) Core(TM) i5-10400F CPU @ 2.90GHz, 12 cores, 15G,  Windows 11 , 64 bit Build 26100 (10.0.26100.3775)
Time: Wed Jul 30 14:03:46 2025 Hora Padrão de Buenos Aires elapsed time: 6.992493 seconds (0d 0h 0m 6s)

---------------  T H R E A D  ---------------

Current thread (0x0000026f7b8cee00):  JavaThread "C2 CompilerThread0" daemon [_thread_in_native, id=22236, stack(0x000000fac2f00000,0x000000fac3000000) (1024K)]


Current CompileTask:
C2:6992 4950   !   4       org.eclipse.osgi.internal.loader.BundleLoader::findClass0 (491 bytes)

Stack: [0x000000fac2f00000,0x000000fac3000000]
Native frames: (J=compiled Java code, j=interpreted, Vv=VM code, C=native code)
V  [jvm.dll+0x6ce119]
V  [jvm.dll+0x8a84a1]
V  [jvm.dll+0x8aa9ce]
V  [jvm.dll+0x8ab0b3]
V  [jvm.dll+0x27f8a6]
V  [jvm.dll+0xc507d]
V  [jvm.dll+0xc55b3]
V  [jvm.dll+0x3b692c]
V  [jvm.dll+0x1dfe33]
V  [jvm.dll+0x247c42]
V  [jvm.dll+0x2470cf]
V  [jvm.dll+0x1c760e]
V  [jvm.dll+0x25695a]
V  [jvm.dll+0x254efa]
V  [jvm.dll+0x3f03f6]
V  [jvm.dll+0x851f6b]
V  [jvm.dll+0x6cc7dd]
C  [ucrtbase.dll+0x37b0]
C  [KERNEL32.DLL+0x2e8d7]
C  [ntdll.dll+0xb14fc]


---------------  P R O C E S S  ---------------

Threads class SMR info:
_java_thread_list=0x0000026f7dfe7770, length=40, elements={
0x0000026f70a476e0, 0x0000026f7a93a840, 0x0000026f7a93d6b0, 0x0000026f7a944f50,
0x0000026f7a9459a0, 0x0000026f7a94a280, 0x0000026f7b8c4d40, 0x0000026f7b8cee00,
0x0000026f7b8d1320, 0x0000026f7b8c53d0, 0x0000026f7b8c4020, 0x0000026f7b8c5a60,
0x0000026f7b8c74a0, 0x0000026f7b8c6e10, 0x0000026f7b8c60f0, 0x0000026f7b8c46b0,
0x0000026f7d4cc7a0, 0x0000026f7d4ce870, 0x0000026f7d4cce30, 0x0000026f7d4cdb50,
0x0000026f7d4ce1e0, 0x0000026f7d4cef00, 0x0000026f7d4cd4c0, 0x0000026f7d4d1660,
0x0000026f7d4cfc20, 0x0000026f7d4cf590, 0x0000026f7d4d0fd0, 0x0000026f7d4d1cf0,
0x0000026f7d4d2380, 0x0000026f7d4d02b0, 0x0000026f7d4d2a10, 0x0000026f7d4d30a0,
0x0000026f7d4d3730, 0x0000026f7d4d3dc0, 0x0000026f7d4d0940, 0x0000026f54013550,
0x0000026f54012ec0, 0x0000026f54015cb0, 0x0000026f54013be0, 0x0000026f7de25b80
}

Java Threads: ( => current thread )
  0x0000026f70a476e0 JavaThread "main"                              [_thread_blocked, id=19776, stack(0x000000fac2500000,0x000000fac2600000) (1024K)]
  0x0000026f7a93a840 JavaThread "Reference Handler"          daemon [_thread_blocked, id=23012, stack(0x000000fac2900000,0x000000fac2a00000) (1024K)]
  0x0000026f7a93d6b0 JavaThread "Finalizer"                  daemon [_thread_blocked, id=21532, stack(0x000000fac2a00000,0x000000fac2b00000) (1024K)]
  0x0000026f7a944f50 JavaThread "Signal Dispatcher"          daemon [_thread_blocked, id=15856, stack(0x000000fac2b00000,0x000000fac2c00000) (1024K)]
  0x0000026f7a9459a0 JavaThread "Attach Listener"            daemon [_thread_blocked, id=22268, stack(0x000000fac2c00000,0x000000fac2d00000) (1024K)]
  0x0000026f7a94a280 JavaThread "Service Thread"             daemon [_thread_blocked, id=23432, stack(0x000000fac2d00000,0x000000fac2e00000) (1024K)]
  0x0000026f7b8c4d40 JavaThread "Monitor Deflation Thread"   daemon [_thread_blocked, id=7680, stack(0x000000fac2e00000,0x000000fac2f00000) (1024K)]
=>0x0000026f7b8cee00 JavaThread "C2 CompilerThread0"         daemon [_thread_in_native, id=22236, stack(0x000000fac2f00000,0x000000fac3000000) (1024K)]
  0x0000026f7b8d1320 JavaThread "C1 CompilerThread0"         daemon [_thread_blocked, id=5384, stack(0x000000fac3000000,0x000000fac3100000) (1024K)]
  0x0000026f7b8c53d0 JavaThread "Common-Cleaner"             daemon [_thread_blocked, id=20552, stack(0x000000fac3100000,0x000000fac3200000) (1024K)]
  0x0000026f7b8c4020 JavaThread "Notification Thread"        daemon [_thread_blocked, id=10916, stack(0x000000fac3300000,0x000000fac3400000) (1024K)]
  0x0000026f7b8c5a60 JavaThread "Active Thread: Equinox Container: f2b7ea56-d15f-430e-8442-cf08c6b10f9a"        [_thread_blocked, id=11088, stack(0x000000fac3b00000,0x000000fac3c00000) (1024K)]
  0x0000026f7b8c74a0 JavaThread "Framework Event Dispatcher: Equinox Container: f2b7ea56-d15f-430e-8442-cf08c6b10f9a" daemon [_thread_blocked, id=19160, stack(0x000000fac3c00000,0x000000fac3d00000) (1024K)]
  0x0000026f7b8c6e10 JavaThread "Start Level: Equinox Container: f2b7ea56-d15f-430e-8442-cf08c6b10f9a" daemon [_thread_blocked, id=7752, stack(0x000000fac3d00000,0x000000fac3e00000) (1024K)]
  0x0000026f7b8c60f0 JavaThread "SCR Component Actor"        daemon [_thread_blocked, id=4160, stack(0x000000fac3f00000,0x000000fac4000000) (1024K)]
  0x0000026f7b8c46b0 JavaThread "Worker-JM"                         [_thread_blocked, id=20872, stack(0x000000fac4100000,0x000000fac4200000) (1024K)]
  0x0000026f7d4cc7a0 JavaThread "JNA Cleaner"                daemon [_thread_blocked, id=19712, stack(0x000000fac4400000,0x000000fac4500000) (1024K)]
  0x0000026f7d4ce870 JavaThread "Worker-0"                          [_thread_blocked, id=22568, stack(0x000000fac4500000,0x000000fac4600000) (1024K)]
  0x0000026f7d4cce30 JavaThread "Worker-1"                          [_thread_blocked, id=21692, stack(0x000000fac4600000,0x000000fac4700000) (1024K)]
  0x0000026f7d4cdb50 JavaThread "Thread-2"                   daemon [_thread_in_native, id=18444, stack(0x000000fac4a00000,0x000000fac4b00000) (1024K)]
  0x0000026f7d4ce1e0 JavaThread "Thread-3"                   daemon [_thread_in_native, id=22052, stack(0x000000fac4b00000,0x000000fac4c00000) (1024K)]
  0x0000026f7d4cef00 JavaThread "Thread-4"                   daemon [_thread_in_native, id=13632, stack(0x000000fac4c00000,0x000000fac4d00000) (1024K)]
  0x0000026f7d4cd4c0 JavaThread "Thread-5"                   daemon [_thread_in_native, id=20616, stack(0x000000fac4d00000,0x000000fac4e00000) (1024K)]
  0x0000026f7d4d1660 JavaThread "Thread-6"                   daemon [_thread_in_native, id=13120, stack(0x000000fac4e00000,0x000000fac4f00000) (1024K)]
  0x0000026f7d4cfc20 JavaThread "Thread-7"                   daemon [_thread_in_native, id=22548, stack(0x000000fac4f00000,0x000000fac5000000) (1024K)]
  0x0000026f7d4cf590 JavaThread "Thread-8"                   daemon [_thread_in_native, id=3024, stack(0x000000fac5000000,0x000000fac5100000) (1024K)]
  0x0000026f7d4d0fd0 JavaThread "Thread-9"                   daemon [_thread_in_native, id=19464, stack(0x000000fac5100000,0x000000fac5200000) (1024K)]
  0x0000026f7d4d1cf0 JavaThread "Thread-10"                  daemon [_thread_in_native, id=5808, stack(0x000000fac5200000,0x000000fac5300000) (1024K)]
  0x0000026f7d4d2380 JavaThread "Thread-11"                  daemon [_thread_in_native, id=23464, stack(0x000000fac5300000,0x000000fac5400000) (1024K)]
  0x0000026f7d4d02b0 JavaThread "Thread-12"                  daemon [_thread_in_native, id=20788, stack(0x000000fac5400000,0x000000fac5500000) (1024K)]
  0x0000026f7d4d2a10 JavaThread "Thread-13"                  daemon [_thread_in_native, id=17648, stack(0x000000fac5500000,0x000000fac5600000) (1024K)]
  0x0000026f7d4d30a0 JavaThread "Thread-14"                  daemon [_thread_in_native, id=22888, stack(0x000000fac5600000,0x000000fac5700000) (1024K)]
  0x0000026f7d4d3730 JavaThread "pool-2-thread-1"                   [_thread_blocked, id=5372, stack(0x000000fac5700000,0x000000fac5800000) (1024K)]
  0x0000026f7d4d3dc0 JavaThread "Worker-2"                          [_thread_blocked, id=2332, stack(0x000000fac5800000,0x000000fac5900000) (1024K)]
  0x0000026f7d4d0940 JavaThread "Worker-3"                          [_thread_blocked, id=20648, stack(0x000000fac5900000,0x000000fac5a00000) (1024K)]
  0x0000026f54013550 JavaThread "WorkspaceEventsHandler"            [_thread_blocked, id=7140, stack(0x000000fac5a00000,0x000000fac5b00000) (1024K)]
  0x0000026f54012ec0 JavaThread "pool-1-thread-1"                   [_thread_blocked, id=11796, stack(0x000000fac5b00000,0x000000fac5c00000) (1024K)]
  0x0000026f54015cb0 JavaThread "ForkJoinPool.commonPool-worker-1" daemon [_thread_blocked, id=18620, stack(0x000000fac5c00000,0x000000fac5d00000) (1024K)]
  0x0000026f54013be0 JavaThread "ForkJoinPool.commonPool-worker-2" daemon [_thread_blocked, id=20204, stack(0x000000fac5d00000,0x000000fac5e00000) (1024K)]
  0x0000026f7de25b80 JavaThread "C2 CompilerThread1"         daemon [_thread_blocked, id=12532, stack(0x000000fac3200000,0x000000fac3300000) (1024K)]
Total: 40

Other Threads:
  0x0000026f70adeaf0 VMThread "VM Thread"                           [id=22176, stack(0x000000fac2800000,0x000000fac2900000) (1024K)]
  0x0000026f7a86ca10 WatcherThread "VM Periodic Task Thread"        [id=11424, stack(0x000000fac2700000,0x000000fac2800000) (1024K)]
  0x0000026f72f1d160 WorkerThread "GC Thread#0"                     [id=18256, stack(0x000000fac2600000,0x000000fac2700000) (1024K)]
  0x0000026f7d431220 WorkerThread "GC Thread#1"                     [id=21132, stack(0x000000fac3500000,0x000000fac3600000) (1024K)]
  0x0000026f7cfadb70 WorkerThread "GC Thread#2"                     [id=3104, stack(0x000000fac3600000,0x000000fac3700000) (1024K)]
  0x0000026f7cfadf10 WorkerThread "GC Thread#3"                     [id=16236, stack(0x000000fac3700000,0x000000fac3800000) (1024K)]
  0x0000026f7d6eef00 WorkerThread "GC Thread#4"                     [id=9660, stack(0x000000fac3800000,0x000000fac3900000) (1024K)]
  0x0000026f7d6ef6a0 WorkerThread "GC Thread#5"                     [id=14796, stack(0x000000fac3900000,0x000000fac3a00000) (1024K)]
  0x0000026f7d6efa40 WorkerThread "GC Thread#6"                     [id=23080, stack(0x000000fac3a00000,0x000000fac3b00000) (1024K)]
  0x0000026f7d897e20 WorkerThread "GC Thread#7"                     [id=20256, stack(0x000000fac3e00000,0x000000fac3f00000) (1024K)]
  0x0000026f7d7b8900 WorkerThread "GC Thread#8"                     [id=21380, stack(0x000000fac4200000,0x000000fac4300000) (1024K)]
  0x0000026f7d959870 WorkerThread "GC Thread#9"                     [id=19960, stack(0x000000fac4300000,0x000000fac4400000) (1024K)]
Total: 12

Threads with active compile tasks:
C2 CompilerThread0  7024 4950   !   4       org.eclipse.osgi.internal.loader.BundleLoader::findClass0 (491 bytes)
Total: 1

VM state: not at safepoint (normal execution)

VM Mutex/Monitor currently owned by a thread: None

Heap address: 0x0000000080000000, size: 2048 MB, Compressed Oops mode: 32-bit

CDS archive(s) mapped at: [0x0000026f0f000000-0x0000026f0fba0000-0x0000026f0fba0000), size 12189696, SharedBaseAddress: 0x0000026f0f000000, ArchiveRelocationMode: 1.
Compressed class space mapped at: 0x0000026f10000000-0x0000026f50000000, reserved size: 1073741824
Narrow klass base: 0x0000026f0f000000, Narrow klass shift: 0, Narrow klass range: 0x100000000

GC Precious Log:
 CardTable entry size: 512
 CPUs: 12 total, 12 available
 Memory: 16236M
 Large Page Support: Disabled
 NUMA Support: Disabled
 Compressed Oops: Enabled (32-bit)
 Alignments: Space 512K, Generation 512K, Heap 2M
 Heap Min Capacity: 100M
 Heap Initial Capacity: 100M
 Heap Max Capacity: 2G
 Pre-touch: Disabled
 Parallel Workers: 10

Heap:
 PSYoungGen      total 21504K, used 10372K [0x00000000d5580000, 0x00000000d6c80000, 0x0000000100000000)
  eden space 20992K, 46% used [0x00000000d5580000,0x00000000d5f211a0,0x00000000d6a00000)
  from space 512K, 100% used [0x00000000d6c00000,0x00000000d6c80000,0x00000000d6c80000)
  to   space 1024K, 0% used [0x00000000d6a80000,0x00000000d6a80000,0x00000000d6b80000)
 ParOldGen       total 68608K, used 28669K [0x0000000080000000, 0x0000000084300000, 0x00000000d5580000)
  object space 68608K, 41% used [0x0000000080000000,0x0000000081bff7b8,0x0000000084300000)
 Metaspace       used 38639K, committed 39680K, reserved 1114112K
  class space    used 3867K, committed 4352K, reserved 1048576K

Card table byte_map: [0x0000026f72850000,0x0000026f72c60000] _byte_map_base: 0x0000026f72450000

Marking Bits: (ParMarkBitMap*) 0x00007ffe9ca231f0
 Begin Bits: [0x0000026f76350000, 0x0000026f78350000)
 End Bits:   [0x0000026f78350000, 0x0000026f7a350000)

Polling page: 0x0000026f72420000

Metaspace:

Usage:
  Non-class:     33.96 MB used.
      Class:      3.78 MB used.
       Both:     37.73 MB used.

Virtual space:
  Non-class space:       64.00 MB reserved,      34.50 MB ( 54%) committed,  1 nodes.
      Class space:        1.00 GB reserved,       4.25 MB ( <1%) committed,  1 nodes.
             Both:        1.06 GB reserved,      38.75 MB (  4%) committed. 

Chunk freelists:
   Non-Class:  13.09 MB
       Class:  11.81 MB
        Both:  24.90 MB

MaxMetaspaceSize: unlimited
CompressedClassSpaceSize: 1.00 GB
Initial GC threshold: 21.00 MB
Current GC threshold: 58.38 MB
CDS: on
 - commit_granule_bytes: 65536.
 - commit_granule_words: 8192.
 - virtual_space_node_default_size: 8388608.
 - enlarge_chunks_in_place: 1.
 - use_allocation_guard: 0.


Internal statistics:

num_allocs_failed_limit: 6.
num_arena_births: 836.
num_arena_deaths: 88.
num_vsnodes_births: 2.
num_vsnodes_deaths: 0.
num_space_committed: 620.
num_space_uncommitted: 0.
num_chunks_returned_to_freelist: 123.
num_chunks_taken_from_freelist: 2506.
num_chunk_merges: 36.
num_chunk_splits: 1544.
num_chunks_enlarged: 944.
num_inconsistent_stats: 0.

CodeHeap 'non-profiled nmethods': size=120000Kb used=2611Kb max_used=2611Kb free=117389Kb
 bounds [0x0000026f07ad0000, 0x0000026f07d70000, 0x0000026f0f000000]
CodeHeap 'profiled nmethods': size=120000Kb used=9616Kb max_used=9616Kb free=110383Kb
 bounds [0x0000026f00000000, 0x0000026f00970000, 0x0000026f07530000]
CodeHeap 'non-nmethods': size=5760Kb used=1391Kb max_used=1437Kb free=4368Kb
 bounds [0x0000026f07530000, 0x0000026f077a0000, 0x0000026f07ad0000]
 total_blobs=5366 nmethods=4670 adapters=602
 compilation: enabled
              stopped_count=0, restarted_count=0
 full_count=0

Compilation events (20 events):
Event: 6.200 Thread 0x0000026f7b8d1320 nmethod 5058 0x0000026f0095ef90 code [0x0000026f0095f1a0, 0x0000026f0095f888]
Event: 6.200 Thread 0x0000026f7b8d1320 5059       3       java.lang.reflect.Constructor::setAccessible (21 bytes)
Event: 6.201 Thread 0x0000026f7b8d1320 nmethod 5059 0x0000026f0095f990 code [0x0000026f0095fba0, 0x0000026f00960180]
Event: 6.201 Thread 0x0000026f7b8d1320 5060   !   3       jdk.internal.loader.AbstractClassLoaderValue::computeIfAbsent (113 bytes)
Event: 6.202 Thread 0x0000026f7b8d1320 nmethod 5060 0x0000026f00960390 code [0x0000026f00960640, 0x0000026f009613a8]
Event: 6.202 Thread 0x0000026f7b8d1320 5061       3       java.lang.Class::isAnnotation (17 bytes)
Event: 6.202 Thread 0x0000026f7b8d1320 nmethod 5061 0x0000026f00961a10 code [0x0000026f00961bc0, 0x0000026f00961d50]
Event: 6.202 Thread 0x0000026f7b8d1320 5057       3       java.lang.reflect.Method::getParameterTypes (11 bytes)
Event: 6.202 Thread 0x0000026f7b8d1320 nmethod 5057 0x0000026f00961e10 code [0x0000026f00961fc0, 0x0000026f00962288]
Event: 6.204 Thread 0x0000026f7b8d1320 5062       3       java.io.BufferedWriter::min (9 bytes)
Event: 6.204 Thread 0x0000026f7b8d1320 nmethod 5062 0x0000026f00962390 code [0x0000026f00962540, 0x0000026f009626a8]
Event: 6.204 Thread 0x0000026f7b8d1320 5063       3       java.io.BufferedWriter::implWrite (100 bytes)
Event: 6.205 Thread 0x0000026f7b8d1320 nmethod 5063 0x0000026f00962710 code [0x0000026f00962920, 0x0000026f00962e38]
Event: 6.205 Thread 0x0000026f7b8d1320 5065       3       java.util.concurrent.ConcurrentLinkedQueue::updateHead (26 bytes)
Event: 6.207 Thread 0x0000026f7b8d1320 nmethod 5065 0x0000026f00963090 code [0x0000026f00963400, 0x0000026f00964b38]
Event: 6.207 Thread 0x0000026f7b8d1320 5064       1       sun.util.calendar.CalendarDate::setNormalized (6 bytes)
Event: 6.207 Thread 0x0000026f7b8d1320 nmethod 5064 0x0000026f07b28d90 code [0x0000026f07b28f20, 0x0000026f07b28ff0]
Event: 6.217 Thread 0x0000026f7de25b80 nmethod 5040 0x0000026f07b6d490 code [0x0000026f07b6d680, 0x0000026f07b6e508]
Event: 6.217 Thread 0x0000026f7de25b80 5039       4       java.util.Arrays::hashCode (59 bytes)
Event: 6.218 Thread 0x0000026f7de25b80 nmethod 5039 0x0000026f07b28890 code [0x0000026f07b28a40, 0x0000026f07b28cd0]

GC Heap History (20 events):
Event: 3.837 GC heap before
{Heap before GC invocations=13 (full 1):
 PSYoungGen      total 24576K, used 24128K [0x00000000d5580000, 0x00000000d7180000, 0x0000000100000000)
  eden space 22016K, 100% used [0x00000000d5580000,0x00000000d6b00000,0x00000000d6b00000)
  from space 2560K, 82% used [0x00000000d6c80000,0x00000000d6e90010,0x00000000d6f00000)
  to   space 2560K, 0% used [0x00000000d6f00000,0x00000000d6f00000,0x00000000d7180000)
 ParOldGen       total 68608K, used 16112K [0x0000000080000000, 0x0000000084300000, 0x00000000d5580000)
  object space 68608K, 23% used [0x0000000080000000,0x0000000080fbc0c0,0x0000000084300000)
 Metaspace       used 31936K, committed 32896K, reserved 1114112K
  class space    used 3188K, committed 3584K, reserved 1048576K
}
Event: 3.842 GC heap after
{Heap after GC invocations=13 (full 1):
 PSYoungGen      total 23552K, used 2530K [0x00000000d5580000, 0x00000000d7500000, 0x0000000100000000)
  eden space 20992K, 0% used [0x00000000d5580000,0x00000000d5580000,0x00000000d6a00000)
  from space 2560K, 98% used [0x00000000d6f00000,0x00000000d7178860,0x00000000d7180000)
  to   space 5120K, 0% used [0x00000000d6a00000,0x00000000d6a00000,0x00000000d6f00000)
 ParOldGen       total 68608K, used 18096K [0x0000000080000000, 0x0000000084300000, 0x00000000d5580000)
  object space 68608K, 26% used [0x0000000080000000,0x00000000811ac0c0,0x0000000084300000)
 Metaspace       used 31936K, committed 32896K, reserved 1114112K
  class space    used 3188K, committed 3584K, reserved 1048576K
}
Event: 3.905 GC heap before
{Heap before GC invocations=14 (full 1):
 PSYoungGen      total 23552K, used 23522K [0x00000000d5580000, 0x00000000d7500000, 0x0000000100000000)
  eden space 20992K, 100% used [0x00000000d5580000,0x00000000d6a00000,0x00000000d6a00000)
  from space 2560K, 98% used [0x00000000d6f00000,0x00000000d7178860,0x00000000d7180000)
  to   space 5120K, 0% used [0x00000000d6a00000,0x00000000d6a00000,0x00000000d6f00000)
 ParOldGen       total 68608K, used 18096K [0x0000000080000000, 0x0000000084300000, 0x00000000d5580000)
  object space 68608K, 26% used [0x0000000080000000,0x00000000811ac0c0,0x0000000084300000)
 Metaspace       used 31964K, committed 32960K, reserved 1114112K
  class space    used 3189K, committed 3584K, reserved 1048576K
}
Event: 3.909 GC heap after
{Heap after GC invocations=14 (full 1):
 PSYoungGen      total 23552K, used 2080K [0x00000000d5580000, 0x00000000d7000000, 0x0000000100000000)
  eden space 20992K, 0% used [0x00000000d5580000,0x00000000d5580000,0x00000000d6a00000)
  from space 2560K, 81% used [0x00000000d6a00000,0x00000000d6c08000,0x00000000d6c80000)
  to   space 3072K, 0% used [0x00000000d6d00000,0x00000000d6d00000,0x00000000d7000000)
 ParOldGen       total 68608K, used 20519K [0x0000000080000000, 0x0000000084300000, 0x00000000d5580000)
  object space 68608K, 29% used [0x0000000080000000,0x0000000081409c98,0x0000000084300000)
 Metaspace       used 31964K, committed 32960K, reserved 1114112K
  class space    used 3189K, committed 3584K, reserved 1048576K
}
Event: 3.957 GC heap before
{Heap before GC invocations=15 (full 1):
 PSYoungGen      total 23552K, used 23072K [0x00000000d5580000, 0x00000000d7000000, 0x0000000100000000)
  eden space 20992K, 100% used [0x00000000d5580000,0x00000000d6a00000,0x00000000d6a00000)
  from space 2560K, 81% used [0x00000000d6a00000,0x00000000d6c08000,0x00000000d6c80000)
  to   space 3072K, 0% used [0x00000000d6d00000,0x00000000d6d00000,0x00000000d7000000)
 ParOldGen       total 68608K, used 20519K [0x0000000080000000, 0x0000000084300000, 0x00000000d5580000)
  object space 68608K, 29% used [0x0000000080000000,0x0000000081409c98,0x0000000084300000)
 Metaspace       used 31975K, committed 32960K, reserved 1114112K
  class space    used 3189K, committed 3584K, reserved 1048576K
}
Event: 3.961 GC heap after
{Heap after GC invocations=15 (full 1):
 PSYoungGen      total 23552K, used 2148K [0x00000000d5580000, 0x00000000d6f80000, 0x0000000100000000)
  eden space 20992K, 0% used [0x00000000d5580000,0x00000000d5580000,0x00000000d6a00000)
  from space 2560K, 83% used [0x00000000d6d00000,0x00000000d6f19000,0x00000000d6f80000)
  to   space 2560K, 0% used [0x00000000d6a00000,0x00000000d6a00000,0x00000000d6c80000)
 ParOldGen       total 68608K, used 22459K [0x0000000080000000, 0x0000000084300000, 0x00000000d5580000)
  object space 68608K, 32% used [0x0000000080000000,0x00000000815eeff8,0x0000000084300000)
 Metaspace       used 31975K, committed 32960K, reserved 1114112K
  class space    used 3189K, committed 3584K, reserved 1048576K
}
Event: 4.015 GC heap before
{Heap before GC invocations=16 (full 1):
 PSYoungGen      total 23552K, used 23140K [0x00000000d5580000, 0x00000000d6f80000, 0x0000000100000000)
  eden space 20992K, 100% used [0x00000000d5580000,0x00000000d6a00000,0x00000000d6a00000)
  from space 2560K, 83% used [0x00000000d6d00000,0x00000000d6f19000,0x00000000d6f80000)
  to   space 2560K, 0% used [0x00000000d6a00000,0x00000000d6a00000,0x00000000d6c80000)
 ParOldGen       total 68608K, used 22459K [0x0000000080000000, 0x0000000084300000, 0x00000000d5580000)
  object space 68608K, 32% used [0x0000000080000000,0x00000000815eeff8,0x0000000084300000)
 Metaspace       used 32035K, committed 32960K, reserved 1114112K
  class space    used 3189K, committed 3584K, reserved 1048576K
}
Event: 4.018 GC heap after
{Heap after GC invocations=16 (full 1):
 PSYoungGen      total 23552K, used 2240K [0x00000000d5580000, 0x00000000d6f00000, 0x0000000100000000)
  eden space 20992K, 0% used [0x00000000d5580000,0x00000000d5580000,0x00000000d6a00000)
  from space 2560K, 87% used [0x00000000d6a00000,0x00000000d6c30010,0x00000000d6c80000)
  to   space 2560K, 0% used [0x00000000d6c80000,0x00000000d6c80000,0x00000000d6f00000)
 ParOldGen       total 68608K, used 24433K [0x0000000080000000, 0x0000000084300000, 0x00000000d5580000)
  object space 68608K, 35% used [0x0000000080000000,0x00000000817dc620,0x0000000084300000)
 Metaspace       used 32035K, committed 32960K, reserved 1114112K
  class space    used 3189K, committed 3584K, reserved 1048576K
}
Event: 4.066 GC heap before
{Heap before GC invocations=17 (full 1):
 PSYoungGen      total 23552K, used 23232K [0x00000000d5580000, 0x00000000d6f00000, 0x0000000100000000)
  eden space 20992K, 100% used [0x00000000d5580000,0x00000000d6a00000,0x00000000d6a00000)
  from space 2560K, 87% used [0x00000000d6a00000,0x00000000d6c30010,0x00000000d6c80000)
  to   space 2560K, 0% used [0x00000000d6c80000,0x00000000d6c80000,0x00000000d6f00000)
 ParOldGen       total 68608K, used 24433K [0x0000000080000000, 0x0000000084300000, 0x00000000d5580000)
  object space 68608K, 35% used [0x0000000080000000,0x00000000817dc620,0x0000000084300000)
 Metaspace       used 32108K, committed 33024K, reserved 1114112K
  class space    used 3192K, committed 3584K, reserved 1048576K
}
Event: 4.070 GC heap after
{Heap after GC invocations=17 (full 1):
 PSYoungGen      total 23040K, used 1912K [0x00000000d5580000, 0x00000000d6e80000, 0x0000000100000000)
  eden space 20992K, 0% used [0x00000000d5580000,0x00000000d5580000,0x00000000d6a00000)
  from space 2048K, 93% used [0x00000000d6c80000,0x00000000d6e5e200,0x00000000d6e80000)
  to   space 2048K, 0% used [0x00000000d6a80000,0x00000000d6a80000,0x00000000d6c80000)
 ParOldGen       total 68608K, used 26513K [0x0000000080000000, 0x0000000084300000, 0x00000000d5580000)
  object space 68608K, 38% used [0x0000000080000000,0x00000000819e4630,0x0000000084300000)
 Metaspace       used 32108K, committed 33024K, reserved 1114112K
  class space    used 3192K, committed 3584K, reserved 1048576K
}
Event: 4.270 GC heap before
{Heap before GC invocations=18 (full 1):
 PSYoungGen      total 23040K, used 22904K [0x00000000d5580000, 0x00000000d6e80000, 0x0000000100000000)
  eden space 20992K, 100% used [0x00000000d5580000,0x00000000d6a00000,0x00000000d6a00000)
  from space 2048K, 93% used [0x00000000d6c80000,0x00000000d6e5e200,0x00000000d6e80000)
  to   space 2048K, 0% used [0x00000000d6a80000,0x00000000d6a80000,0x00000000d6c80000)
 ParOldGen       total 68608K, used 26513K [0x0000000080000000, 0x0000000084300000, 0x00000000d5580000)
  object space 68608K, 38% used [0x0000000080000000,0x00000000819e4630,0x0000000084300000)
 Metaspace       used 33518K, committed 34432K, reserved 1114112K
  class space    used 3371K, committed 3776K, reserved 1048576K
}
Event: 4.273 GC heap after
{Heap after GC invocations=18 (full 1):
 PSYoungGen      total 22528K, used 1492K [0x00000000d5580000, 0x00000000d6e00000, 0x0000000100000000)
  eden space 20992K, 0% used [0x00000000d5580000,0x00000000d5580000,0x00000000d6a00000)
  from space 1536K, 97% used [0x00000000d6a80000,0x00000000d6bf53c8,0x00000000d6c00000)
  to   space 2048K, 0% used [0x00000000d6c00000,0x00000000d6c00000,0x00000000d6e00000)
 ParOldGen       total 68608K, used 28330K [0x0000000080000000, 0x0000000084300000, 0x00000000d5580000)
  object space 68608K, 41% used [0x0000000080000000,0x0000000081baa830,0x0000000084300000)
 Metaspace       used 33518K, committed 34432K, reserved 1114112K
  class space    used 3371K, committed 3776K, reserved 1048576K
}
Event: 4.528 GC heap before
{Heap before GC invocations=19 (full 1):
 PSYoungGen      total 22528K, used 22432K [0x00000000d5580000, 0x00000000d6e00000, 0x0000000100000000)
  eden space 20992K, 99% used [0x00000000d5580000,0x00000000d69f2c60,0x00000000d6a00000)
  from space 1536K, 97% used [0x00000000d6a80000,0x00000000d6bf53c8,0x00000000d6c00000)
  to   space 2048K, 0% used [0x00000000d6c00000,0x00000000d6c00000,0x00000000d6e00000)
 ParOldGen       total 68608K, used 28330K [0x0000000080000000, 0x0000000084300000, 0x00000000d5580000)
  object space 68608K, 41% used [0x0000000080000000,0x0000000081baa830,0x0000000084300000)
 Metaspace       used 34758K, committed 35776K, reserved 1114112K
  class space    used 3526K, committed 3968K, reserved 1048576K
}
Event: 4.529 GC heap after
{Heap after GC invocations=19 (full 1):
 PSYoungGen      total 21504K, used 448K [0x00000000d5580000, 0x00000000d6c80000, 0x0000000100000000)
  eden space 20992K, 0% used [0x00000000d5580000,0x00000000d5580000,0x00000000d6a00000)
  from space 512K, 87% used [0x00000000d6c00000,0x00000000d6c70000,0x00000000d6c80000)
  to   space 1024K, 0% used [0x00000000d6a80000,0x00000000d6a80000,0x00000000d6b80000)
 ParOldGen       total 68608K, used 29662K [0x0000000080000000, 0x0000000084300000, 0x00000000d5580000)
  object space 68608K, 43% used [0x0000000080000000,0x0000000081cf7890,0x0000000084300000)
 Metaspace       used 34758K, committed 35776K, reserved 1114112K
  class space    used 3526K, committed 3968K, reserved 1048576K
}
Event: 4.550 GC heap before
{Heap before GC invocations=20 (full 1):
 PSYoungGen      total 21504K, used 2905K [0x00000000d5580000, 0x00000000d6c80000, 0x0000000100000000)
  eden space 20992K, 11% used [0x00000000d5580000,0x00000000d57e6638,0x00000000d6a00000)
  from space 512K, 87% used [0x00000000d6c00000,0x00000000d6c70000,0x00000000d6c80000)
  to   space 1024K, 0% used [0x00000000d6a80000,0x00000000d6a80000,0x00000000d6b80000)
 ParOldGen       total 68608K, used 29662K [0x0000000080000000, 0x0000000084300000, 0x00000000d5580000)
  object space 68608K, 43% used [0x0000000080000000,0x0000000081cf7890,0x0000000084300000)
 Metaspace       used 34816K, committed 35840K, reserved 1114112K
  class space    used 3537K, committed 4032K, reserved 1048576K
}
Event: 4.551 GC heap after
{Heap after GC invocations=20 (full 1):
 PSYoungGen      total 22016K, used 288K [0x00000000d5580000, 0x00000000d6c80000, 0x0000000100000000)
  eden space 20992K, 0% used [0x00000000d5580000,0x00000000d5580000,0x00000000d6a00000)
  from space 1024K, 28% used [0x00000000d6a80000,0x00000000d6ac8010,0x00000000d6b80000)
  to   space 512K, 0% used [0x00000000d6c00000,0x00000000d6c00000,0x00000000d6c80000)
 ParOldGen       total 68608K, used 29998K [0x0000000080000000, 0x0000000084300000, 0x00000000d5580000)
  object space 68608K, 43% used [0x0000000080000000,0x0000000081d4b890,0x0000000084300000)
 Metaspace       used 34816K, committed 35840K, reserved 1114112K
  class space    used 3537K, committed 4032K, reserved 1048576K
}
Event: 4.551 GC heap before
{Heap before GC invocations=21 (full 2):
 PSYoungGen      total 22016K, used 288K [0x00000000d5580000, 0x00000000d6c80000, 0x0000000100000000)
  eden space 20992K, 0% used [0x00000000d5580000,0x00000000d5580000,0x00000000d6a00000)
  from space 1024K, 28% used [0x00000000d6a80000,0x00000000d6ac8010,0x00000000d6b80000)
  to   space 512K, 0% used [0x00000000d6c00000,0x00000000d6c00000,0x00000000d6c80000)
 ParOldGen       total 68608K, used 29998K [0x0000000080000000, 0x0000000084300000, 0x00000000d5580000)
  object space 68608K, 43% used [0x0000000080000000,0x0000000081d4b890,0x0000000084300000)
 Metaspace       used 34816K, committed 35840K, reserved 1114112K
  class space    used 3537K, committed 4032K, reserved 1048576K
}
Event: 4.594 GC heap after
{Heap after GC invocations=21 (full 2):
 PSYoungGen      total 22016K, used 0K [0x00000000d5580000, 0x00000000d6c80000, 0x0000000100000000)
  eden space 20992K, 0% used [0x00000000d5580000,0x00000000d5580000,0x00000000d6a00000)
  from space 1024K, 0% used [0x00000000d6a80000,0x00000000d6a80000,0x00000000d6b80000)
  to   space 512K, 0% used [0x00000000d6c00000,0x00000000d6c00000,0x00000000d6c80000)
 ParOldGen       total 68608K, used 28541K [0x0000000080000000, 0x0000000084300000, 0x00000000d5580000)
  object space 68608K, 41% used [0x0000000080000000,0x0000000081bdf798,0x0000000084300000)
 Metaspace       used 34751K, committed 35840K, reserved 1114112K
  class space    used 3519K, committed 4032K, reserved 1048576K
}
Event: 5.888 GC heap before
{Heap before GC invocations=22 (full 2):
 PSYoungGen      total 22016K, used 20992K [0x00000000d5580000, 0x00000000d6c80000, 0x0000000100000000)
  eden space 20992K, 100% used [0x00000000d5580000,0x00000000d6a00000,0x00000000d6a00000)
  from space 1024K, 0% used [0x00000000d6a80000,0x00000000d6a80000,0x00000000d6b80000)
  to   space 512K, 0% used [0x00000000d6c00000,0x00000000d6c00000,0x00000000d6c80000)
 ParOldGen       total 68608K, used 28541K [0x0000000080000000, 0x0000000084300000, 0x00000000d5580000)
  object space 68608K, 41% used [0x0000000080000000,0x0000000081bdf798,0x0000000084300000)
 Metaspace       used 37226K, committed 38144K, reserved 1114112K
  class space    used 3718K, committed 4160K, reserved 1048576K
}
Event: 5.891 GC heap after
{Heap after GC invocations=22 (full 2):
 PSYoungGen      total 21504K, used 512K [0x00000000d5580000, 0x00000000d6c80000, 0x0000000100000000)
  eden space 20992K, 0% used [0x00000000d5580000,0x00000000d5580000,0x00000000d6a00000)
  from space 512K, 100% used [0x00000000d6c00000,0x00000000d6c80000,0x00000000d6c80000)
  to   space 1024K, 0% used [0x00000000d6a80000,0x00000000d6a80000,0x00000000d6b80000)
 ParOldGen       total 68608K, used 28669K [0x0000000080000000, 0x0000000084300000, 0x00000000d5580000)
  object space 68608K, 41% used [0x0000000080000000,0x0000000081bff7b8,0x0000000084300000)
 Metaspace       used 37226K, committed 38144K, reserved 1114112K
  class space    used 3718K, committed 4160K, reserved 1048576K
}

Dll operation events (10 events):
Event: 0.010 Loaded shared library c:\Users\PC\.vscode\extensions\redhat.java-1.43.1-win32-x64\jre\21.0.7-win32-x86_64\bin\java.dll
Event: 0.075 Loaded shared library c:\Users\PC\.vscode\extensions\redhat.java-1.43.1-win32-x64\jre\21.0.7-win32-x86_64\bin\zip.dll
Event: 0.095 Loaded shared library C:\Users\PC\.vscode\extensions\redhat.java-1.43.1-win32-x64\jre\21.0.7-win32-x86_64\bin\instrument.dll
Event: 0.099 Loaded shared library C:\Users\PC\.vscode\extensions\redhat.java-1.43.1-win32-x64\jre\21.0.7-win32-x86_64\bin\net.dll
Event: 0.101 Loaded shared library C:\Users\PC\.vscode\extensions\redhat.java-1.43.1-win32-x64\jre\21.0.7-win32-x86_64\bin\nio.dll
Event: 0.104 Loaded shared library C:\Users\PC\.vscode\extensions\redhat.java-1.43.1-win32-x64\jre\21.0.7-win32-x86_64\bin\zip.dll
Event: 0.118 Loaded shared library C:\Users\PC\.vscode\extensions\redhat.java-1.43.1-win32-x64\jre\21.0.7-win32-x86_64\bin\jimage.dll
Event: 0.169 Loaded shared library c:\Users\PC\.vscode\extensions\redhat.java-1.43.1-win32-x64\jre\21.0.7-win32-x86_64\bin\verify.dll
Event: 1.111 Loaded shared library C:\Users\PC\AppData\Roaming\Code\User\globalStorage\redhat.java\1.43.1\config_ss_win\org.eclipse.equinox.launcher\org.eclipse.equinox.launcher.win32.win32.x86_64_1.2.1300.v20250331-1702\eclipse_11911.dll
Event: 1.829 Loaded shared library C:\Users\PC\AppData\Local\Temp\jna--332156882\jna10939940118910947745.dll

Deoptimization events (20 events):
Event: 5.971 Thread 0x0000026f7d4d0940 Uncommon trap: trap_request=0xffffff6e fr.pc=0x0000026f07cfee48 relative=0x0000000000000408
Event: 5.971 Thread 0x0000026f7d4d0940 Uncommon trap: reason=loop_limit_check action=maybe_recompile pc=0x0000026f07cfee48 method=org.eclipse.jdt.internal.compiler.classfmt.ClassFileStruct.utf8At(II)[C @ 143 c2
Event: 5.971 Thread 0x0000026f7d4d0940 DEOPT PACKING pc=0x0000026f07cfee48 sp=0x000000fac59fd960
Event: 5.971 Thread 0x0000026f7d4d0940 DEOPT UNPACKING pc=0x0000026f07583aa2 sp=0x000000fac59fd8f8 mode 2
Event: 6.037 Thread 0x0000026f7d4d0940 Uncommon trap: trap_request=0xffffff45 fr.pc=0x0000026f07c9ce84 relative=0x0000000000000324
Event: 6.037 Thread 0x0000026f7d4d0940 Uncommon trap: reason=unstable_if action=reinterpret pc=0x0000026f07c9ce84 method=jdk.internal.jimage.ImageStringsReader.stringFromByteBufferMatches(Ljava/nio/ByteBuffer;ILjava/lang/String;I)I @ 59 c2
Event: 6.037 Thread 0x0000026f7d4d0940 DEOPT PACKING pc=0x0000026f07c9ce84 sp=0x000000fac59fcf20
Event: 6.037 Thread 0x0000026f7d4d0940 DEOPT UNPACKING pc=0x0000026f07583aa2 sp=0x000000fac59fce98 mode 2
Event: 6.037 Thread 0x0000026f7d4d0940 Uncommon trap: trap_request=0xffffff45 fr.pc=0x0000026f07cb9730 relative=0x00000000000008b0
Event: 6.037 Thread 0x0000026f7d4d0940 Uncommon trap: reason=unstable_if action=reinterpret pc=0x0000026f07cb9730 method=jdk.internal.jrtfs.JrtFileSystem.checkNode(Ljdk/internal/jrtfs/JrtPath;)Ljdk/internal/jimage/ImageReader$Node; @ 16 c2
Event: 6.037 Thread 0x0000026f7d4d0940 DEOPT PACKING pc=0x0000026f07cb9730 sp=0x000000fac59fd210
Event: 6.037 Thread 0x0000026f7d4d0940 DEOPT UNPACKING pc=0x0000026f07583aa2 sp=0x000000fac59fd220 mode 2
Event: 6.140 Thread 0x0000026f7d4d0940 Uncommon trap: trap_request=0xffffff45 fr.pc=0x0000026f07b0316c relative=0x00000000000000cc
Event: 6.140 Thread 0x0000026f7d4d0940 Uncommon trap: reason=unstable_if action=reinterpret pc=0x0000026f07b0316c method=java.util.Hashtable$Enumerator.nextElement()Ljava/lang/Object; @ 87 c2
Event: 6.140 Thread 0x0000026f7d4d0940 DEOPT PACKING pc=0x0000026f07b0316c sp=0x000000fac59feff0
Event: 6.140 Thread 0x0000026f7d4d0940 DEOPT UNPACKING pc=0x0000026f07583aa2 sp=0x000000fac59fef18 mode 2
Event: 6.191 Thread 0x0000026f7d4d0940 Uncommon trap: trap_request=0xffffff45 fr.pc=0x0000026f07af18bc relative=0x000000000000009c
Event: 6.191 Thread 0x0000026f7d4d0940 Uncommon trap: reason=unstable_if action=reinterpret pc=0x0000026f07af18bc method=java.util.Hashtable$Enumerator.nextElement()Ljava/lang/Object; @ 87 c2
Event: 6.191 Thread 0x0000026f7d4d0940 DEOPT PACKING pc=0x0000026f07af18bc sp=0x000000fac59fefb0
Event: 6.191 Thread 0x0000026f7d4d0940 DEOPT UNPACKING pc=0x0000026f07583aa2 sp=0x000000fac59fef30 mode 2

Classes loaded (20 events):
Event: 4.142 Loading class java/lang/ExceptionInInitializerError
Event: 4.143 Loading class java/lang/ExceptionInInitializerError done
Event: 4.243 Loading class sun/misc/Unsafe
Event: 4.244 Loading class sun/misc/Unsafe done
Event: 4.410 Loading class java/util/Vector$1
Event: 4.410 Loading class java/util/Vector$1 done
Event: 4.665 Loading class java/util/regex/Pattern$Caret
Event: 4.665 Loading class java/util/regex/Pattern$Caret done
Event: 4.727 Loading class java/util/Hashtable$ValueCollection
Event: 4.727 Loading class java/util/Hashtable$ValueCollection done
Event: 4.806 Loading class java/util/WeakHashMap$KeyIterator
Event: 4.806 Loading class java/util/WeakHashMap$KeyIterator done
Event: 4.808 Loading class java/util/regex/PatternSyntaxException
Event: 4.808 Loading class java/util/regex/PatternSyntaxException done
Event: 4.823 Loading class sun/reflect/misc/ReflectUtil
Event: 4.824 Loading class sun/reflect/misc/ReflectUtil done
Event: 5.935 Loading class java/util/stream/ReduceOps$4
Event: 5.935 Loading class java/util/stream/ReduceOps$4 done
Event: 5.935 Loading class java/util/stream/ReduceOps$4ReducingSink
Event: 5.936 Loading class java/util/stream/ReduceOps$4ReducingSink done

Classes unloaded (20 events):
Event: 4.559 Thread 0x0000026f70adeaf0 Unloading class 0x0000026f1036e400 'java/lang/invoke/LambdaForm$MH+0x0000026f1036e400'
Event: 4.559 Thread 0x0000026f70adeaf0 Unloading class 0x0000026f1036dc00 'java/lang/invoke/LambdaForm$MH+0x0000026f1036dc00'
Event: 4.559 Thread 0x0000026f70adeaf0 Unloading class 0x0000026f1036a400 'java/lang/invoke/LambdaForm$MH+0x0000026f1036a400'
Event: 4.559 Thread 0x0000026f70adeaf0 Unloading class 0x0000026f1036a000 'java/lang/invoke/LambdaForm$MH+0x0000026f1036a000'
Event: 4.559 Thread 0x0000026f70adeaf0 Unloading class 0x0000026f10369400 'java/lang/invoke/LambdaForm$MH+0x0000026f10369400'
Event: 4.559 Thread 0x0000026f70adeaf0 Unloading class 0x0000026f10369800 'java/lang/invoke/LambdaForm$MH+0x0000026f10369800'
Event: 4.559 Thread 0x0000026f70adeaf0 Unloading class 0x0000026f10368c00 'java/lang/invoke/LambdaForm$MH+0x0000026f10368c00'
Event: 4.559 Thread 0x0000026f70adeaf0 Unloading class 0x0000026f10368800 'java/lang/invoke/LambdaForm$MH+0x0000026f10368800'
Event: 4.559 Thread 0x0000026f70adeaf0 Unloading class 0x0000026f10368000 'java/lang/invoke/LambdaForm$MH+0x0000026f10368000'
Event: 4.559 Thread 0x0000026f70adeaf0 Unloading class 0x0000026f10367c00 'java/lang/invoke/LambdaForm$MH+0x0000026f10367c00'
Event: 4.559 Thread 0x0000026f70adeaf0 Unloading class 0x0000026f10367400 'java/lang/invoke/LambdaForm$MH+0x0000026f10367400'
Event: 4.559 Thread 0x0000026f70adeaf0 Unloading class 0x0000026f10367000 'java/lang/invoke/LambdaForm$MH+0x0000026f10367000'
Event: 4.559 Thread 0x0000026f70adeaf0 Unloading class 0x0000026f10366800 'java/lang/invoke/LambdaForm$MH+0x0000026f10366800'
Event: 4.559 Thread 0x0000026f70adeaf0 Unloading class 0x0000026f10366400 'java/lang/invoke/LambdaForm$MH+0x0000026f10366400'
Event: 4.559 Thread 0x0000026f70adeaf0 Unloading class 0x0000026f10365800 'java/lang/invoke/LambdaForm$MH+0x0000026f10365800'
Event: 4.559 Thread 0x0000026f70adeaf0 Unloading class 0x0000026f10366000 'java/lang/invoke/LambdaForm$MH+0x0000026f10366000'
Event: 4.559 Thread 0x0000026f70adeaf0 Unloading class 0x0000026f10365400 'java/lang/invoke/LambdaForm$MH+0x0000026f10365400'
Event: 4.559 Thread 0x0000026f70adeaf0 Unloading class 0x0000026f10365000 'java/lang/invoke/LambdaForm$MH+0x0000026f10365000'
Event: 4.559 Thread 0x0000026f70adeaf0 Unloading class 0x0000026f10364400 'java/lang/invoke/LambdaForm$DMH+0x0000026f10364400'
Event: 4.559 Thread 0x0000026f70adeaf0 Unloading class 0x0000026f10364000 'java/lang/invoke/LambdaForm$DMH+0x0000026f10364000'

Classes redefined (0 events):
No events

Internal exceptions (20 events):
Event: 3.611 Thread 0x0000026f54012ec0 Exception <a 'java/lang/NoSuchMethodError'{0x00000000d64b7c60}: 'int java.lang.invoke.Invokers$Holder.linkToTargetMethod(java.lang.Object, java.lang.Object)'> (0x00000000d64b7c60) 
thrown [s\src\hotspot\share\interpreter\linkResolver.cpp, line 773]
Event: 3.753 Thread 0x0000026f54012ec0 Exception <a 'java/lang/NoSuchMethodError'{0x00000000d594e958}: 'int java.lang.invoke.DirectMethodHandle$Holder.invokeSpecial(java.lang.Object, java.lang.Object, java.lang.Object, java.lang.Object)'> (0x00000000d594e958) 
thrown [s\src\hotspot\share\interpreter\linkResolver.cpp, line 773]
Event: 3.755 Thread 0x0000026f54013be0 Exception <a 'java/lang/NoSuchMethodError'{0x00000000d59730f8}: 'java.lang.Object java.lang.invoke.DirectMethodHandle$Holder.invokeStatic(java.lang.Object, int, java.lang.Object, java.lang.Object)'> (0x00000000d59730f8) 
thrown [s\src\hotspot\share\interpreter\linkResolver.cpp, line 773]
Event: 3.755 Thread 0x0000026f54012ec0 Exception <a 'java/lang/NoSuchMethodError'{0x00000000d595bf08}: 'java.lang.Object java.lang.invoke.DirectMethodHandle$Holder.invokeStatic(java.lang.Object, int, java.lang.Object, java.lang.Object)'> (0x00000000d595bf08) 
thrown [s\src\hotspot\share\interpreter\linkResolver.cpp, line 773]
Event: 3.755 Thread 0x0000026f54013be0 Exception <a 'java/lang/NoSuchMethodError'{0x00000000d5976b88}: 'java.lang.Object java.lang.invoke.DelegatingMethodHandle$Holder.delegate(java.lang.Object, int, java.lang.Object, java.lang.Object)'> (0x00000000d5976b88) 
thrown [s\src\hotspot\share\interpreter\linkResolver.cpp, line 773]
Event: 3.755 Thread 0x0000026f54012ec0 Exception <a 'java/lang/NoSuchMethodError'{0x00000000d595f4f0}: 'java.lang.Object java.lang.invoke.DelegatingMethodHandle$Holder.delegate(java.lang.Object, int, java.lang.Object, java.lang.Object)'> (0x00000000d595f4f0) 
thrown [s\src\hotspot\share\interpreter\linkResolver.cpp, line 773]
Event: 3.756 Thread 0x0000026f54013be0 Implicit null exception at 0x0000026f07c97680 to 0x0000026f07c9798c
Event: 3.759 Thread 0x0000026f54012ec0 Exception <a 'java/lang/NoSuchMethodError'{0x00000000d596a7b8}: 'int java.lang.invoke.Invokers$Holder.linkToTargetMethod(java.lang.Object, java.lang.Object, java.lang.Object)'> (0x00000000d596a7b8) 
thrown [s\src\hotspot\share\interpreter\linkResolver.cpp, line 773]
Event: 3.759 Thread 0x0000026f54013be0 Exception <a 'java/lang/NoSuchMethodError'{0x00000000d598ab50}: 'int java.lang.invoke.Invokers$Holder.linkToTargetMethod(java.lang.Object, java.lang.Object, java.lang.Object)'> (0x00000000d598ab50) 
thrown [s\src\hotspot\share\interpreter\linkResolver.cpp, line 773]
Event: 4.298 Thread 0x0000026f54015cb0 Exception <a 'java/lang/LinkageError'{0x00000000d5694208}: loader lombok.launch.ShadowClassLoader @4b30d9fe attempted duplicate class definition for lombok.launch.PatchFixesHider$Transform. (lombok.launch.PatchFixesHider$Transform is in unnamed module of loader lombok.launch.ShadowClassLoader @4b30d9fe, parent loader org.eclipse.osgi.internal.loader.EquinoxClassLoader @27c0525)> (0x00000000d5694208) 
thrown [s\src\hotspot\share\classfile\systemDictionary.cpp, line 1682]
Event: 4.298 Thread 0x0000026f54012ec0 Exception <a 'java/lang/LinkageError'{0x00000000d5714440}: loader lombok.launch.ShadowClassLoader @4b30d9fe attempted duplicate class definition for lombok.launch.PatchFixesHider$Transform. (lombok.launch.PatchFixesHider$Transform is in unnamed module of loader lombok.launch.ShadowClassLoader @4b30d9fe, parent loader org.eclipse.osgi.internal.loader.EquinoxClassLoader @27c0525)> (0x00000000d5714440) 
thrown [s\src\hotspot\share\classfile\systemDictionary.cpp, line 1682]
Event: 4.731 Thread 0x0000026f54015cb0 Exception <a 'java/lang/NoSuchMethodError'{0x00000000d608bbe8}: 'java.lang.Object java.lang.invoke.DirectMethodHandle$Holder.invokeSpecial(java.lang.Object, java.lang.Object, java.lang.Object, java.lang.Object, int, java.lang.Object, java.lang.Object)'> (0x00000000d608bbe8) 
thrown [s\src\hotspot\share\interpreter\linkResolver.cpp, line 773]
Event: 4.731 Thread 0x0000026f54013be0 Exception <a 'java/lang/NoSuchMethodError'{0x00000000d60a5440}: 'java.lang.Object java.lang.invoke.DirectMethodHandle$Holder.invokeSpecial(java.lang.Object, java.lang.Object, java.lang.Object, java.lang.Object, int, java.lang.Object, java.lang.Object)'> (0x00000000d60a5440) 
thrown [s\src\hotspot\share\interpreter\linkResolver.cpp, line 773]
Event: 5.216 Thread 0x0000026f7d4d3dc0 Exception <a 'java/lang/NoSuchMethodError'{0x00000000d66f53d8}: 'java.lang.Object java.lang.invoke.DirectMethodHandle$Holder.invokeSpecial(java.lang.Object, java.lang.Object, int, long)'> (0x00000000d66f53d8) 
thrown [s\src\hotspot\share\interpreter\linkResolver.cpp, line 773]
Event: 5.941 Thread 0x0000026f7d4d0940 Exception <a 'java/lang/NoSuchMethodError'{0x00000000d5729240}: 'int java.lang.invoke.DirectMethodHandle$Holder.invokeSpecialIFC(java.lang.Object, java.lang.Object, java.lang.Object)'> (0x00000000d5729240) 
thrown [s\src\hotspot\share\interpreter\linkResolver.cpp, line 773]
Event: 5.994 Thread 0x0000026f7d4d0940 Exception <a 'java/io/FileNotFoundException'{0x00000000d58bd068}> (0x00000000d58bd068) 
thrown [s\src\hotspot\share\prims\jni.cpp, line 520]
Event: 5.995 Thread 0x0000026f7d4d0940 Exception <a 'java/io/FileNotFoundException'{0x00000000d58be348}> (0x00000000d58be348) 
thrown [s\src\hotspot\share\prims\jni.cpp, line 520]
Event: 6.162 Thread 0x0000026f7d4d0940 Exception <a 'java/io/FileNotFoundException'{0x00000000d5d9a9f8}> (0x00000000d5d9a9f8) 
thrown [s\src\hotspot\share\prims\jni.cpp, line 520]
Event: 6.162 Thread 0x0000026f7d4d0940 Exception <a 'java/io/FileNotFoundException'{0x00000000d5d9ba20}> (0x00000000d5d9ba20) 
thrown [s\src\hotspot\share\prims\jni.cpp, line 520]
Event: 6.162 Thread 0x0000026f7d4d0940 Exception <a 'java/io/FileNotFoundException'{0x00000000d5d9c7c0}> (0x00000000d5d9c7c0) 
thrown [s\src\hotspot\share\prims\jni.cpp, line 520]

ZGC Phase Switch (0 events):
No events

VM Operations (20 events):
Event: 3.957 Executing VM operation: ParallelGCFailedAllocation (Allocation Failure)
Event: 3.961 Executing VM operation: ParallelGCFailedAllocation (Allocation Failure) done
Event: 4.015 Executing VM operation: ParallelGCFailedAllocation (Allocation Failure)
Event: 4.018 Executing VM operation: ParallelGCFailedAllocation (Allocation Failure) done
Event: 4.066 Executing VM operation: ParallelGCFailedAllocation (Allocation Failure)
Event: 4.070 Executing VM operation: ParallelGCFailedAllocation (Allocation Failure) done
Event: 4.260 Executing VM operation: HandshakeAllThreads (Deoptimize)
Event: 4.260 Executing VM operation: HandshakeAllThreads (Deoptimize) done
Event: 4.270 Executing VM operation: ParallelGCFailedAllocation (Allocation Failure)
Event: 4.273 Executing VM operation: ParallelGCFailedAllocation (Allocation Failure) done
Event: 4.528 Executing VM operation: ParallelGCFailedAllocation (Allocation Failure)
Event: 4.529 Executing VM operation: ParallelGCFailedAllocation (Allocation Failure) done
Event: 4.550 Executing VM operation: CollectForMetadataAllocation (Metadata GC Threshold)
Event: 4.594 Executing VM operation: CollectForMetadataAllocation (Metadata GC Threshold) done
Event: 5.888 Executing VM operation: ParallelGCFailedAllocation (Allocation Failure)
Event: 5.891 Executing VM operation: ParallelGCFailedAllocation (Allocation Failure) done
Event: 5.947 Executing VM operation: HandshakeAllThreads (Deoptimize)
Event: 5.947 Executing VM operation: HandshakeAllThreads (Deoptimize) done
Event: 6.045 Executing VM operation: HandshakeAllThreads (Deoptimize)
Event: 6.045 Executing VM operation: HandshakeAllThreads (Deoptimize) done

Memory protections (0 events):
No events

Nmethod flushes (20 events):
Event: 4.569 Thread 0x0000026f70adeaf0 flushing  nmethod 0x0000026f00331f10
Event: 4.569 Thread 0x0000026f70adeaf0 flushing  nmethod 0x0000026f00332210
Event: 4.569 Thread 0x0000026f70adeaf0 flushing  nmethod 0x0000026f00344f10
Event: 4.569 Thread 0x0000026f70adeaf0 flushing  nmethod 0x0000026f00345290
Event: 4.569 Thread 0x0000026f70adeaf0 flushing  nmethod 0x0000026f00389d90
Event: 4.569 Thread 0x0000026f70adeaf0 flushing  nmethod 0x0000026f00413010
Event: 4.569 Thread 0x0000026f70adeaf0 flushing  nmethod 0x0000026f00413b10
Event: 4.569 Thread 0x0000026f70adeaf0 flushing  nmethod 0x0000026f00413f90
Event: 4.569 Thread 0x0000026f70adeaf0 flushing  nmethod 0x0000026f0043ff10
Event: 4.569 Thread 0x0000026f70adeaf0 flushing  nmethod 0x0000026f00440890
Event: 4.569 Thread 0x0000026f70adeaf0 flushing  nmethod 0x0000026f00445810
Event: 4.569 Thread 0x0000026f70adeaf0 flushing  nmethod 0x0000026f00489e10
Event: 4.569 Thread 0x0000026f70adeaf0 flushing  nmethod 0x0000026f0048e010
Event: 4.569 Thread 0x0000026f70adeaf0 flushing  nmethod 0x0000026f004c3790
Event: 4.569 Thread 0x0000026f70adeaf0 flushing  nmethod 0x0000026f004c4010
Event: 4.569 Thread 0x0000026f70adeaf0 flushing  nmethod 0x0000026f004c4410
Event: 4.569 Thread 0x0000026f70adeaf0 flushing  nmethod 0x0000026f004d2d10
Event: 4.569 Thread 0x0000026f70adeaf0 flushing  nmethod 0x0000026f004d3210
Event: 4.569 Thread 0x0000026f70adeaf0 flushing  nmethod 0x0000026f004d5c10
Event: 4.569 Thread 0x0000026f70adeaf0 flushing  nmethod 0x0000026f004d9510

Events (20 events):
Event: 3.149 Thread 0x0000026f70a476e0 Thread added: 0x0000026f7d4d1660
Event: 3.149 Thread 0x0000026f70a476e0 Thread added: 0x0000026f7d4cfc20
Event: 3.149 Thread 0x0000026f70a476e0 Thread added: 0x0000026f7d4cf590
Event: 3.149 Thread 0x0000026f70a476e0 Thread added: 0x0000026f7d4d0fd0
Event: 3.149 Thread 0x0000026f70a476e0 Thread added: 0x0000026f7d4d1cf0
Event: 3.149 Thread 0x0000026f70a476e0 Thread added: 0x0000026f7d4d2380
Event: 3.149 Thread 0x0000026f70a476e0 Thread added: 0x0000026f7d4d02b0
Event: 3.149 Thread 0x0000026f70a476e0 Thread added: 0x0000026f7d4d2a10
Event: 3.149 Thread 0x0000026f70a476e0 Thread added: 0x0000026f7d4d30a0
Event: 3.168 Thread 0x0000026f70a476e0 Thread added: 0x0000026f7d4d3730
Event: 3.255 Thread 0x0000026f7d4cce30 Thread added: 0x0000026f7d4d3dc0
Event: 3.255 Thread 0x0000026f7d4d3dc0 Thread added: 0x0000026f7d4d0940
Event: 3.291 Thread 0x0000026f70a476e0 Thread added: 0x0000026f54013550
Event: 3.291 Thread 0x0000026f70a476e0 Thread added: 0x0000026f54012ec0
Event: 3.433 Thread 0x0000026f54012ec0 Thread added: 0x0000026f54015cb0
Event: 3.436 Thread 0x0000026f54012ec0 Thread added: 0x0000026f54013be0
Event: 5.209 Thread 0x0000026f7bc0e4b0 Thread exited: 0x0000026f7bc0e4b0
Event: 5.209 Thread 0x0000026f7da0b560 Thread exited: 0x0000026f7da0b560
Event: 5.862 Thread 0x0000026f7b8d1320 Thread added: 0x0000026f7de25b80
Event: 6.980 Thread 0x0000026f7b8c6780 Thread exited: 0x0000026f7b8c6780


Dynamic libraries:
0x00007ff699d90000 - 0x00007ff699d9e000 	c:\Users\PC\.vscode\extensions\redhat.java-1.43.1-win32-x64\jre\21.0.7-win32-x86_64\bin\java.exe
0x00007fff54120000 - 0x00007fff54380000 	C:\WINDOWS\SYSTEM32\ntdll.dll
0x00007fff53290000 - 0x00007fff53357000 	C:\WINDOWS\System32\KERNEL32.DLL
0x00007fff51740000 - 0x00007fff51b0a000 	C:\WINDOWS\System32\KERNELBASE.dll
0x00007fff51c90000 - 0x00007fff51ddb000 	C:\WINDOWS\System32\ucrtbase.dll
0x00007fff31d20000 - 0x00007fff31d38000 	c:\Users\PC\.vscode\extensions\redhat.java-1.43.1-win32-x64\jre\21.0.7-win32-x86_64\bin\jli.dll
0x00007fff51fb0000 - 0x00007fff5217c000 	C:\WINDOWS\System32\USER32.dll
0x00007fff51b10000 - 0x00007fff51b37000 	C:\WINDOWS\System32\win32u.dll
0x00007fff52870000 - 0x00007fff5289a000 	C:\WINDOWS\System32\GDI32.dll
0x00007fff51de0000 - 0x00007fff51f11000 	C:\WINDOWS\System32\gdi32full.dll
0x00007fff51690000 - 0x00007fff51733000 	C:\WINDOWS\System32\msvcp_win.dll
0x00007fff29940000 - 0x00007fff2995e000 	c:\Users\PC\.vscode\extensions\redhat.java-1.43.1-win32-x64\jre\21.0.7-win32-x86_64\bin\VCRUNTIME140.dll
0x00007fff29140000 - 0x00007fff293d7000 	C:\WINDOWS\WinSxS\amd64_microsoft.windows.common-controls_6595b64144ccf1df_6.0.26100.3624_none_3e086962e3345f24\COMCTL32.dll
0x00007fff53fc0000 - 0x00007fff54069000 	C:\WINDOWS\System32\msvcrt.dll
0x00007fff53490000 - 0x00007fff534bf000 	C:\WINDOWS\System32\IMM32.DLL
0x00007fff05110000 - 0x00007fff0522a000 	C:\Program Files\Topaz OFD\Warsaw\wslbscr64.dll
0x00007fff53110000 - 0x00007fff531c2000 	C:\WINDOWS\System32\ADVAPI32.dll
0x00007fff531d0000 - 0x00007fff53276000 	C:\WINDOWS\System32\sechost.dll
0x00007fff53360000 - 0x00007fff53476000 	C:\WINDOWS\System32\RPCRT4.dll
0x00007fff528b0000 - 0x00007fff52fd9000 	C:\WINDOWS\System32\SHELL32.dll
0x00007fff513a0000 - 0x00007fff51508000 	C:\WINDOWS\System32\wintypes.dll
0x00007fff535d0000 - 0x00007fff53952000 	C:\WINDOWS\System32\combase.dll
0x00007fff50230000 - 0x00007fff50265000 	C:\WINDOWS\SYSTEM32\ntmarta.dll
0x00007fff04e80000 - 0x00007fff04f7a000 	C:\Program Files\Topaz OFD\Warsaw\wslbscrwh64.dll
0x00007fff44330000 - 0x00007fff4433c000 	c:\Users\PC\.vscode\extensions\redhat.java-1.43.1-win32-x64\jre\21.0.7-win32-x86_64\bin\vcruntime140_1.dll
0x00007fff058d0000 - 0x00007fff0595d000 	c:\Users\PC\.vscode\extensions\redhat.java-1.43.1-win32-x64\jre\21.0.7-win32-x86_64\bin\msvcp140.dll
0x00007ffe9bd70000 - 0x00007ffe9cb00000 	c:\Users\PC\.vscode\extensions\redhat.java-1.43.1-win32-x64\jre\21.0.7-win32-x86_64\bin\server\jvm.dll
0x00007fff52650000 - 0x00007fff526c4000 	C:\WINDOWS\System32\WS2_32.dll
0x00007fff51170000 - 0x00007fff511ce000 	C:\WINDOWS\SYSTEM32\POWRPROF.dll
0x00007fff41c00000 - 0x00007fff41c36000 	C:\WINDOWS\SYSTEM32\WINMM.dll
0x00007fff48d10000 - 0x00007fff48d1b000 	C:\WINDOWS\SYSTEM32\VERSION.dll
0x00007fff51150000 - 0x00007fff51164000 	C:\WINDOWS\SYSTEM32\UMPDC.dll
0x00007fff50110000 - 0x00007fff5012a000 	C:\WINDOWS\SYSTEM32\kernel.appcore.dll
0x00007fff37770000 - 0x00007fff3777a000 	c:\Users\PC\.vscode\extensions\redhat.java-1.43.1-win32-x64\jre\21.0.7-win32-x86_64\bin\jimage.dll
0x00007fff407f0000 - 0x00007fff40a31000 	C:\WINDOWS\SYSTEM32\DBGHELP.DLL
0x0000026f72590000 - 0x0000026f72666000 	C:\WINDOWS\System32\OLEAUT32.dll
0x00007fff378f0000 - 0x00007fff37929000 	C:\WINDOWS\SYSTEM32\dbgcore.DLL
0x00007fff51300000 - 0x00007fff51399000 	C:\WINDOWS\System32\bcryptPrimitives.dll
0x00007fff33130000 - 0x00007fff3313f000 	c:\Users\PC\.vscode\extensions\redhat.java-1.43.1-win32-x64\jre\21.0.7-win32-x86_64\bin\instrument.dll
0x00007fff26130000 - 0x00007fff2614f000 	c:\Users\PC\.vscode\extensions\redhat.java-1.43.1-win32-x64\jre\21.0.7-win32-x86_64\bin\java.dll
0x00007fff4efe0000 - 0x00007fff4f832000 	C:\WINDOWS\SYSTEM32\windows.storage.dll
0x00007fff52560000 - 0x00007fff5264d000 	C:\WINDOWS\System32\SHCORE.dll
0x00007fff54070000 - 0x00007fff540d4000 	C:\WINDOWS\System32\shlwapi.dll
0x00007fff511e0000 - 0x00007fff5120f000 	C:\WINDOWS\SYSTEM32\profapi.dll
0x00007fff4c220000 - 0x00007fff4c238000 	c:\Users\PC\.vscode\extensions\redhat.java-1.43.1-win32-x64\jre\21.0.7-win32-x86_64\bin\zip.dll
0x00007fff31d50000 - 0x00007fff31d60000 	C:\Users\PC\.vscode\extensions\redhat.java-1.43.1-win32-x64\jre\21.0.7-win32-x86_64\bin\net.dll
0x00007fff4ac10000 - 0x00007fff4ad2d000 	C:\WINDOWS\SYSTEM32\WINHTTP.dll
0x00007fff50630000 - 0x00007fff5069a000 	C:\WINDOWS\system32\mswsock.dll
0x00007fff080b0000 - 0x00007fff080c6000 	C:\Users\PC\.vscode\extensions\redhat.java-1.43.1-win32-x64\jre\21.0.7-win32-x86_64\bin\nio.dll
0x00007fff2aed0000 - 0x00007fff2aee0000 	c:\Users\PC\.vscode\extensions\redhat.java-1.43.1-win32-x64\jre\21.0.7-win32-x86_64\bin\verify.dll
0x00007fff06c00000 - 0x00007fff06c45000 	C:\Users\PC\AppData\Roaming\Code\User\globalStorage\redhat.java\1.43.1\config_ss_win\org.eclipse.equinox.launcher\org.eclipse.equinox.launcher.win32.win32.x86_64_1.2.1300.v20250331-1702\eclipse_11911.dll
0x00007fff526d0000 - 0x00007fff52866000 	C:\WINDOWS\System32\ole32.dll
0x00007fff508d0000 - 0x00007fff508ec000 	C:\WINDOWS\SYSTEM32\CRYPTSP.dll
0x00007fff50070000 - 0x00007fff500aa000 	C:\WINDOWS\system32\rsaenh.dll
0x00007fff506d0000 - 0x00007fff506fb000 	C:\WINDOWS\SYSTEM32\USERENV.dll
0x00007fff51220000 - 0x00007fff51246000 	C:\WINDOWS\SYSTEM32\bcrypt.dll
0x00007fff508f0000 - 0x00007fff508fc000 	C:\WINDOWS\SYSTEM32\CRYPTBASE.dll
0x00007fff4fb40000 - 0x00007fff4fb73000 	C:\WINDOWS\SYSTEM32\IPHLPAPI.DLL
0x00007fff53480000 - 0x00007fff5348a000 	C:\WINDOWS\System32\NSI.dll
0x00007fff06bb0000 - 0x00007fff06bf9000 	C:\Users\PC\AppData\Local\Temp\jna--332156882\jna10939940118910947745.dll
0x00007fff528a0000 - 0x00007fff528a8000 	C:\WINDOWS\System32\PSAPI.DLL
0x00007fff4aa70000 - 0x00007fff4aa8f000 	C:\WINDOWS\SYSTEM32\dhcpcsvc6.DLL
0x00007fff4a5d0000 - 0x00007fff4a5f5000 	C:\WINDOWS\SYSTEM32\dhcpcsvc.DLL

dbghelp: loaded successfully - version: 4.0.5 - missing functions: none
symbol engine: initialized successfully - sym options: 0x614 - pdb path: .;c:\Users\PC\.vscode\extensions\redhat.java-1.43.1-win32-x64\jre\21.0.7-win32-x86_64\bin;C:\WINDOWS\SYSTEM32;C:\WINDOWS\WinSxS\amd64_microsoft.windows.common-controls_6595b64144ccf1df_6.0.26100.3624_none_3e086962e3345f24;C:\Program Files\Topaz OFD\Warsaw;c:\Users\PC\.vscode\extensions\redhat.java-1.43.1-win32-x64\jre\21.0.7-win32-x86_64\bin\server;C:\Users\PC\AppData\Roaming\Code\User\globalStorage\redhat.java\1.43.1\config_ss_win\org.eclipse.equinox.launcher\org.eclipse.equinox.launcher.win32.win32.x86_64_1.2.1300.v20250331-1702;C:\Users\PC\AppData\Local\Temp\jna--332156882

VM Arguments:
jvm_args: --add-modules=ALL-SYSTEM --add-opens=java.base/java.util=ALL-UNNAMED --add-opens=java.base/java.lang=ALL-UNNAMED --add-opens=java.base/sun.nio.fs=ALL-UNNAMED -Declipse.application=org.eclipse.jdt.ls.core.id1 -Dosgi.bundles.defaultStartLevel=4 -Declipse.product=org.eclipse.jdt.ls.core.product -Djava.import.generatesMetadataFilesAtProjectRoot=false -DDetectVMInstallationsJob.disabled=true -Dfile.encoding=utf8 -XX:+UseParallelGC -XX:GCTimeRatio=4 -XX:AdaptiveSizePolicyWeight=90 -Dsun.zip.disableMemoryMapping=true -Xmx2G -Xms100m -Xlog:disable -javaagent:c:\Users\PC\.vscode\extensions\redhat.java-1.43.1-win32-x64\lombok\lombok-1.18.39-4050.jar 
java_command: c:\Users\PC\.vscode\extensions\redhat.java-1.43.1-win32-x64\server\plugins\org.eclipse.equinox.launcher_1.7.0.v20250519-0528.jar -configuration c:\Users\PC\AppData\Roaming\Code\User\globalStorage\redhat.java\1.43.1\config_ss_win -data c:\Users\PC\AppData\Roaming\Code\User\workspaceStorage\01e005c21acf5be0aefd708cab915f1a\redhat.java\ss_ws --pipe=\\.\pipe\lsp-2f6dc167d050bf4d932811d3ad078189-sock
java_class_path (initial): c:\Users\PC\.vscode\extensions\redhat.java-1.43.1-win32-x64\server\plugins\org.eclipse.equinox.launcher_1.7.0.v20250519-0528.jar
Launcher Type: SUN_STANDARD

[Global flags]
    uintx AdaptiveSizePolicyWeight                 = 90                                        {product} {command line}
     intx CICompilerCount                          = 4                                         {product} {ergonomic}
    uintx GCTimeRatio                              = 4                                         {product} {command line}
   size_t InitialHeapSize                          = 104857600                                 {product} {command line}
   size_t MaxHeapSize                              = 2147483648                                {product} {command line}
   size_t MaxNewSize                               = 715653120                                 {product} {ergonomic}
   size_t MinHeapDeltaBytes                        = 524288                                    {product} {ergonomic}
   size_t MinHeapSize                              = 104857600                                 {product} {command line}
   size_t NewSize                                  = 34603008                                  {product} {ergonomic}
    uintx NonNMethodCodeHeapSize                   = 5839372                                {pd product} {ergonomic}
    uintx NonProfiledCodeHeapSize                  = 122909434                              {pd product} {ergonomic}
   size_t OldSize                                  = 70254592                                  {product} {ergonomic}
    uintx ProfiledCodeHeapSize                     = 122909434                              {pd product} {ergonomic}
    uintx ReservedCodeCacheSize                    = 251658240                              {pd product} {ergonomic}
     bool SegmentedCodeCache                       = true                                      {product} {ergonomic}
   size_t SoftMaxHeapSize                          = 2147483648                             {manageable} {ergonomic}
     bool UseCompressedOops                        = true                           {product lp64_product} {ergonomic}
     bool UseLargePagesIndividualAllocation        = false                                  {pd product} {ergonomic}
     bool UseParallelGC                            = true                                      {product} {command line}

Logging:
Log output configuration:
 #0: stdout all=off uptime,level,tags foldmultilines=false
 #1: stderr all=off uptime,level,tags foldmultilines=false

Environment Variables:
JAVA_HOME=C:\Program Files\Java\jdk-21
PATH=C:\Program Files\ImageMagick-7.1.1-Q16;C:\Program Files\Common Files\Oracle\Java\javapath;C:\Program Files (x86)\Common Files\Oracle\Java\java8path;C:\Program Files (x86)\Common Files\Oracle\Java\javapath;C:\Program Files (x86)\Common Files\Intel\Shared Libraries\redist\intel64\compiler;C:\WINDOWS\system32;C:\WINDOWS;C:\WINDOWS\System32\Wbem;C:\WINDOWS\System32\WindowsPowerShell\v1.0\;C:\WINDOWS\System32\OpenSSH\;C:\Program Files (x86)\NVIDIA Corporation\PhysX\Common;C:\Program Files\dotnet\;C:\mingw64\bin;C:\MinGW\bin;C:\Program Files\Git\cmd;C:\Program Files\nodejs\;C:\apache-maven-3.9.4;C:\apache-maven-3.9.4\bin;C:\gradle-8.13-all\gradle-8.13;C:\gradle-8.13-all\gradle-8.13\bin;C:\Program Files\MySQL\MySQL Server 8.0\bin;C:\Program Files\Java\jdk-21\bin;C:\Users\PC\AppData\Roaming\npm\node_modules\@angular\cli\bin;C:\Users\PC\AppData\Roaming\npm;C:\MinGW\bin;C:\MinGW;C:\Program Files\NVIDIA Corporation\NVIDIA App\NvDLISR;C:\Program Files\MongoDB\Server\8.0\bin;C:\Users\PC\AppData\Local\Programs\Python\Python313\Scripts\;C:\Users\PC\AppData\Local\Programs\Python\Python313\;C:\Program Files\ImageMagick-7.1.1-Q16;C:\Program Files\Common Files\Oracle\Java\javapath;C:\Program Files (x86)\Common Files\Oracle\Java\java8path;C:\Program Files (x86)\Common Files\Oracle\Java\javapath;C:\Program Files (x86)\Common Files\Intel\Shared Libraries\redist\intel64\compiler;C:\WINDOWS\system32;C:\WINDOWS;C:\WINDOWS\System32\Wbem;C:\WINDOWS\System32\WindowsPowerShell\v1.0\;C:\WINDOWS\System32\OpenSSH\;C:\Program Files (x86)\NVIDIA Corporation\PhysX\Common;C:\Program Files\dotnet\;C:\mingw64\bin;C:\MinGW\bin;C:\Program Files\Git\cmd;C:\Program Files\nodejs\;C:\apache-maven-3.9.4;C:\apache-maven-3.9.4\bin;C:\gradle-8.13-all\gradle-8.13;C:\gradle-8.13-all\gradle-8.13\bin;C:\Program Files\MySQL\MySQL Server 8.0\bin;C:\Program Files\Java\jdk-21\bin;C:\Users\PC\AppData\Roaming\npm\node_modules\@angular\cli\bin;C:\Users\PC\AppData\Roaming\npm;C:\MinGW\bin;C:\MinGW;C:\Program Files\NVIDIA Corporation\NVIDIA App\NvDLISR;C:\Program Files\MongoDB\Server\8.0\bin;C:\Users\PC\AppData\Local\Programs\Python\Python313\Scripts\;C:\Users\PC\AppData\Local\Programs\Python\Python313\;;C:\Users\PC\AppData\Local\Android\Sdk\tools;C:\Users\PC\AppData\Local\Android\Sdk\platform-tools;C:\Users\PC\AppData\Local\Programs\Microsoft VS Code\bin
USERNAME=Caio Ferreira
OS=Windows_NT
PROCESSOR_IDENTIFIER=Intel64 Family 6 Model 165 Stepping 3, GenuineIntel
TMP=C:\Users\PC\AppData\Local\Temp
TEMP=C:\Users\PC\AppData\Local\Temp




Periodic native trim disabled

---------------  S Y S T E M  ---------------

OS:
 Windows 11 , 64 bit Build 26100 (10.0.26100.3775)
OS uptime: 0 days 1:03 hours

CPU: total 12 (initial active 12) (6 cores per cpu, 2 threads per core) family 6 model 165 stepping 3 microcode 0xea, cx8, cmov, fxsr, ht, mmx, 3dnowpref, sse, sse2, sse3, ssse3, sse4.1, sse4.2, popcnt, lzcnt, tsc, tscinvbit, avx, avx2, aes, erms, clmul, bmi1, bmi2, adx, fma, vzeroupper, clflush, clflushopt, rdtscp, f16c
Processor Information for the first 12 processors :
  Max Mhz: 2904, Current Mhz: 2904, Mhz Limit: 2904

Memory: 4k page, system-wide physical 16236M (3651M free)
TotalPageFile size 18182M (AvailPageFile size 2M)
current process WorkingSet (physical memory assigned to process): 204M, peak: 206M
current process commit charge ("private bytes"): 319M, peak: 321M

vm_info: OpenJDK 64-Bit Server VM (21.0.7+6-LTS) for windows-amd64 JRE (21.0.7+6-LTS), built on 2025-04-15T00:00:00Z by "admin" with MS VC++ 17.7 (VS2022)

END.
