#
# There is insufficient memory for the Java Runtime Environment to continue.
# Native memory allocation (malloc) failed to allocate 131088 bytes. Error detail: Chunk::new
# Possible reasons:
#   The system is out of physical RAM or swap space
#   This process is running with CompressedOops enabled, and the Java Heap may be blocking the growth of the native heap
# Possible solutions:
#   Reduce memory load on the system
#   Increase physical memory or swap space
#   Check if swap backing store is full
#   Decrease Java heap size (-Xmx/-Xms)
#   Decrease number of Java threads
#   Decrease Java thread stack sizes (-Xss)
#   Set larger code cache with -XX:ReservedCodeCacheSize=
#   JVM is running with Unscaled Compressed Oops mode in which the Java heap is
#     placed in the first 4GB address space. The Java Heap base address is the
#     maximum limit for the native heap growth. Please use -XX:HeapBaseMinAddress
#     to set the Java Heap base and to place the Java Heap above 4GB virtual address.
# This output file may be truncated or incomplete.
#
#  Out of Memory Error (arena.cpp:168), pid=23408, tid=7320
#
# JRE version: OpenJDK Runtime Environment Temurin-21.0.7+6 (21.0.7+6) (build 21.0.7+6-LTS)
# Java VM: OpenJDK 64-Bit Server VM Temurin-21.0.7+6 (21.0.7+6-LTS, mixed mode, sharing, tiered, compressed oops, compressed class ptrs, parallel gc, windows-amd64)
# No core dump will be written. Minidumps are not enabled by default on client versions of Windows
#

---------------  S U M M A R Y ------------

Command Line: --add-modules=ALL-SYSTEM --add-opens=java.base/java.util=ALL-UNNAMED --add-opens=java.base/java.lang=ALL-UNNAMED --add-opens=java.base/sun.nio.fs=ALL-UNNAMED -Declipse.application=org.eclipse.jdt.ls.core.id1 -Dosgi.bundles.defaultStartLevel=4 -Declipse.product=org.eclipse.jdt.ls.core.product -Djava.import.generatesMetadataFilesAtProjectRoot=false -DDetectVMInstallationsJob.disabled=true -Dfile.encoding=utf8 -XX:+UseParallelGC -XX:GCTimeRatio=4 -XX:AdaptiveSizePolicyWeight=90 -Dsun.zip.disableMemoryMapping=true -Xmx2G -Xms100m -Xlog:disable -javaagent:c:\Users\PC\.vscode\extensions\redhat.java-1.43.1-win32-x64\lombok\lombok-1.18.39-4050.jar -XX:+HeapDumpOnOutOfMemoryError -XX:HeapDumpPath=c:\Users\PC\AppData\Roaming\Code\User\workspaceStorage\01e005c21acf5be0aefd708cab915f1a\redhat.java -Daether.dependencyCollector.impl=bf c:\Users\PC\.vscode\extensions\redhat.java-1.43.1-win32-x64\server\plugins\org.eclipse.equinox.launcher_1.7.0.v20250519-0528.jar -configuration c:\Users\PC\AppData\Roaming\Code\User\globalStorage\redhat.java\1.43.1\config_win -data c:\Users\PC\AppData\Roaming\Code\User\workspaceStorage\01e005c21acf5be0aefd708cab915f1a\redhat.java\jdt_ws --pipe=\\.\pipe\lsp-918bc08cdcf70dbf0cf76cff5b191bcf-sock

Host: Intel(R) Core(TM) i5-10400F CPU @ 2.90GHz, 12 cores, 15G,  Windows 11 , 64 bit Build 26100 (10.0.26100.3775)
Time: Wed Jul 30 14:03:46 2025 Hora Padrão de Buenos Aires elapsed time: 6.315247 seconds (0d 0h 0m 6s)

---------------  T H R E A D  ---------------

Current thread (0x000001a450f4f100):  JavaThread "C2 CompilerThread1" daemon [_thread_in_native, id=7320, stack(0x00000027e6b00000,0x00000027e6c00000) (1024K)]


Current CompileTask:
C2:6315 6959 %     4       org.eclipse.jdt.internal.core.search.indexing.BinaryIndexer::extractReferenceFromConstantPool @ 15 (358 bytes)

Stack: [0x00000027e6b00000,0x00000027e6c00000]
Native frames: (J=compiled Java code, j=interpreted, Vv=VM code, C=native code)
V  [jvm.dll+0x6ce119]
V  [jvm.dll+0x8a84a1]
V  [jvm.dll+0x8aa9ce]
V  [jvm.dll+0x8ab0b3]
V  [jvm.dll+0x27f8a6]
V  [jvm.dll+0xc507d]
V  [jvm.dll+0xc55b3]
V  [jvm.dll+0xd2944]
V  [jvm.dll+0x1e182c]
V  [jvm.dll+0x1e2be2]
V  [jvm.dll+0x718215]
V  [jvm.dll+0x1dfd66]
V  [jvm.dll+0x247c42]
V  [jvm.dll+0x2470cf]
V  [jvm.dll+0x1c760e]
V  [jvm.dll+0x25695a]
V  [jvm.dll+0x254efa]
V  [jvm.dll+0x3f03f6]
V  [jvm.dll+0x851f6b]
V  [jvm.dll+0x6cc7dd]
C  [ucrtbase.dll+0x37b0]
C  [KERNEL32.DLL+0x2e8d7]
C  [ntdll.dll+0xb14fc]


---------------  P R O C E S S  ---------------

Threads class SMR info:
_java_thread_list=0x000001a4576c3050, length=47, elements={
0x000001a4783cd4a0, 0x000001a47831cfa0, 0x000001a47831ea00, 0x000001a4783281f0,
0x000001a478329950, 0x000001a47832c580, 0x000001a47832e780, 0x000001a450d4f240,
0x000001a450d53ce0, 0x000001a4783fb0f0, 0x000001a450f4f100, 0x000001a451004490,
0x000001a451090660, 0x000001a4570bc2f0, 0x000001a45737fd50, 0x000001a4574612a0,
0x000001a457117fd0, 0x000001a4570f2b30, 0x000001a457601630, 0x000001a4575d8c20,
0x000001a457a594e0, 0x000001a457a5af20, 0x000001a457a5c960, 0x000001a457a59b70,
0x000001a457a5a890, 0x000001a457a5bc40, 0x000001a457a5a200, 0x000001a457a5c2d0,
0x000001a4576b0e70, 0x000001a4576b1500, 0x000001a4576b35d0, 0x000001a4576b1b90,
0x000001a4576b2f40, 0x000001a4576b3c60, 0x000001a4576b07e0, 0x000001a4576b2220,
0x000001a4576b28b0, 0x000001a4599fd8b0, 0x000001a4599fc500, 0x000001a4599fcb90,
0x000001a4599fec60, 0x000001a459a00010, 0x000001a4599fd220, 0x000001a459a013c0,
0x000001a459a006a0, 0x000001a4599ff980, 0x000001a4599fdf40
}

Java Threads: ( => current thread )
  0x000001a4783cd4a0 JavaThread "main"                              [_thread_blocked, id=19848, stack(0x00000027e5e00000,0x00000027e5f00000) (1024K)]
  0x000001a47831cfa0 JavaThread "Reference Handler"          daemon [_thread_blocked, id=15184, stack(0x00000027e6200000,0x00000027e6300000) (1024K)]
  0x000001a47831ea00 JavaThread "Finalizer"                  daemon [_thread_blocked, id=3660, stack(0x00000027e6300000,0x00000027e6400000) (1024K)]
  0x000001a4783281f0 JavaThread "Signal Dispatcher"          daemon [_thread_blocked, id=20676, stack(0x00000027e6400000,0x00000027e6500000) (1024K)]
  0x000001a478329950 JavaThread "Attach Listener"            daemon [_thread_blocked, id=18880, stack(0x00000027e6500000,0x00000027e6600000) (1024K)]
  0x000001a47832c580 JavaThread "Service Thread"             daemon [_thread_blocked, id=23096, stack(0x00000027e6600000,0x00000027e6700000) (1024K)]
  0x000001a47832e780 JavaThread "Monitor Deflation Thread"   daemon [_thread_blocked, id=15952, stack(0x00000027e6700000,0x00000027e6800000) (1024K)]
  0x000001a450d4f240 JavaThread "C2 CompilerThread0"         daemon [_thread_blocked, id=5068, stack(0x00000027e6800000,0x00000027e6900000) (1024K)]
  0x000001a450d53ce0 JavaThread "C1 CompilerThread0"         daemon [_thread_in_vm, id=23524, stack(0x00000027e6900000,0x00000027e6a00000) (1024K)]
  0x000001a4783fb0f0 JavaThread "Common-Cleaner"             daemon [_thread_blocked, id=7596, stack(0x00000027e6a00000,0x00000027e6b00000) (1024K)]
=>0x000001a450f4f100 JavaThread "C2 CompilerThread1"         daemon [_thread_in_native, id=7320, stack(0x00000027e6b00000,0x00000027e6c00000) (1024K)]
  0x000001a451004490 JavaThread "Notification Thread"        daemon [_thread_blocked, id=1848, stack(0x00000027e6c00000,0x00000027e6d00000) (1024K)]
  0x000001a451090660 JavaThread "C2 CompilerThread2"         daemon [_thread_in_native, id=15892, stack(0x00000027e6d00000,0x00000027e6e00000) (1024K)]
  0x000001a4570bc2f0 JavaThread "Active Thread: Equinox Container: 056d99f5-da08-420e-8467-93723ee19f0d"        [_thread_blocked, id=3080, stack(0x00000027e7400000,0x00000027e7500000) (1024K)]
  0x000001a45737fd50 JavaThread "Refresh Thread: Equinox Container: 056d99f5-da08-420e-8467-93723ee19f0d" daemon [_thread_blocked, id=21928, stack(0x00000027e7600000,0x00000027e7700000) (1024K)]
  0x000001a4574612a0 JavaThread "Framework Event Dispatcher: Equinox Container: 056d99f5-da08-420e-8467-93723ee19f0d" daemon [_thread_blocked, id=7572, stack(0x00000027e7700000,0x00000027e7800000) (1024K)]
  0x000001a457117fd0 JavaThread "Start Level: Equinox Container: 056d99f5-da08-420e-8467-93723ee19f0d" daemon [_thread_blocked, id=17528, stack(0x00000027e7800000,0x00000027e7900000) (1024K)]
  0x000001a4570f2b30 JavaThread "Bundle File Closer"         daemon [_thread_blocked, id=9656, stack(0x00000027e7b00000,0x00000027e7c00000) (1024K)]
  0x000001a457601630 JavaThread "SCR Component Actor"        daemon [_thread_blocked, id=7236, stack(0x00000027e7c00000,0x00000027e7d00000) (1024K)]
  0x000001a4575d8c20 JavaThread "SCR Component Registry"     daemon [_thread_blocked, id=23240, stack(0x00000027e7d00000,0x00000027e7e00000) (1024K)]
  0x000001a457a594e0 JavaThread "Worker-JM"                         [_thread_blocked, id=4552, stack(0x00000027e7e00000,0x00000027e7f00000) (1024K)]
  0x000001a457a5af20 JavaThread "JNA Cleaner"                daemon [_thread_blocked, id=22924, stack(0x00000027e7f00000,0x00000027e8000000) (1024K)]
  0x000001a457a5c960 JavaThread "Worker-0"                          [_thread_blocked, id=22000, stack(0x00000027e8000000,0x00000027e8100000) (1024K)]
  0x000001a457a59b70 JavaThread "Worker-1"                          [_thread_blocked, id=19648, stack(0x00000027e8100000,0x00000027e8200000) (1024K)]
  0x000001a457a5a890 JavaThread "Java indexing"              daemon [_thread_blocked, id=22852, stack(0x00000027e8200000,0x00000027e8300000) (1024K)]
  0x000001a457a5bc40 JavaThread "Worker-2: Repository registry initialization"        [_thread_in_vm, id=11428, stack(0x00000027e8600000,0x00000027e8700000) (1024K)]
  0x000001a457a5a200 JavaThread "Worker-3: Java indexing... "        [_thread_blocked, id=20316, stack(0x00000027e8700000,0x00000027e8800000) (1024K)]
  0x000001a457a5c2d0 JavaThread "Thread-2"                   daemon [_thread_in_native, id=1112, stack(0x00000027e8800000,0x00000027e8900000) (1024K)]
  0x000001a4576b0e70 JavaThread "Thread-3"                   daemon [_thread_in_native, id=22584, stack(0x00000027e8900000,0x00000027e8a00000) (1024K)]
  0x000001a4576b1500 JavaThread "Thread-4"                   daemon [_thread_in_native, id=22124, stack(0x00000027e8a00000,0x00000027e8b00000) (1024K)]
  0x000001a4576b35d0 JavaThread "Thread-5"                   daemon [_thread_in_native, id=16060, stack(0x00000027e8b00000,0x00000027e8c00000) (1024K)]
  0x000001a4576b1b90 JavaThread "Thread-6"                   daemon [_thread_in_native, id=13096, stack(0x00000027e8c00000,0x00000027e8d00000) (1024K)]
  0x000001a4576b2f40 JavaThread "Thread-7"                   daemon [_thread_in_native, id=21212, stack(0x00000027e8d00000,0x00000027e8e00000) (1024K)]
  0x000001a4576b3c60 JavaThread "Thread-8"                   daemon [_thread_in_native, id=19148, stack(0x00000027e8e00000,0x00000027e8f00000) (1024K)]
  0x000001a4576b07e0 JavaThread "Thread-9"                   daemon [_thread_in_native, id=21640, stack(0x00000027e8f00000,0x00000027e9000000) (1024K)]
  0x000001a4576b2220 JavaThread "Thread-10"                  daemon [_thread_in_native, id=22948, stack(0x00000027e9000000,0x00000027e9100000) (1024K)]
  0x000001a4576b28b0 JavaThread "Thread-11"                  daemon [_thread_in_native, id=19640, stack(0x00000027e9100000,0x00000027e9200000) (1024K)]
  0x000001a4599fd8b0 JavaThread "Thread-12"                  daemon [_thread_in_native, id=20780, stack(0x00000027e9200000,0x00000027e9300000) (1024K)]
  0x000001a4599fc500 JavaThread "Thread-13"                  daemon [_thread_in_native, id=23028, stack(0x00000027e9300000,0x00000027e9400000) (1024K)]
  0x000001a4599fcb90 JavaThread "Thread-14"                  daemon [_thread_in_native, id=22048, stack(0x00000027e9400000,0x00000027e9500000) (1024K)]
  0x000001a4599fec60 JavaThread "pool-2-thread-1"                   [_thread_blocked, id=20540, stack(0x00000027e9500000,0x00000027e9600000) (1024K)]
  0x000001a459a00010 JavaThread "Worker-4"                          [_thread_blocked, id=22608, stack(0x00000027e9600000,0x00000027e9700000) (1024K)]
  0x000001a4599fd220 JavaThread "Worker-5: Building"                [_thread_blocked, id=10156, stack(0x00000027e9700000,0x00000027e9800000) (1024K)]
  0x000001a459a013c0 JavaThread "WorkspaceEventsHandler"            [_thread_blocked, id=20168, stack(0x00000027e9800000,0x00000027e9900000) (1024K)]
  0x000001a459a006a0 JavaThread "pool-1-thread-1"                   [_thread_blocked, id=18396, stack(0x00000027e9900000,0x00000027e9a00000) (1024K)]
  0x000001a4599ff980 JavaThread "Worker-6"                          [_thread_blocked, id=19196, stack(0x00000027e9b00000,0x00000027e9c00000) (1024K)]
  0x000001a4599fdf40 JavaThread "Keep-Alive-Timer"           daemon [_thread_blocked, id=22320, stack(0x00000027e9c00000,0x00000027e9d00000) (1024K)]
Total: 47

Other Threads:
  0x000001a450d43aa0 VMThread "VM Thread"                           [id=20192, stack(0x00000027e6100000,0x00000027e6200000) (1024K)] _threads_hazard_ptr=0x000001a4576c3050
  0x000001a47824da20 WatcherThread "VM Periodic Task Thread"        [id=22308, stack(0x00000027e6000000,0x00000027e6100000) (1024K)]
  0x000001a4783ea630 WorkerThread "GC Thread#0"                     [id=7028, stack(0x00000027e5f00000,0x00000027e6000000) (1024K)]
  0x000001a4528ede80 WorkerThread "GC Thread#1"                     [id=19320, stack(0x00000027e6e00000,0x00000027e6f00000) (1024K)]
  0x000001a45713d1b0 WorkerThread "GC Thread#2"                     [id=1344, stack(0x00000027e6f00000,0x00000027e7000000) (1024K)]
  0x000001a4573cd630 WorkerThread "GC Thread#3"                     [id=22384, stack(0x00000027e7000000,0x00000027e7100000) (1024K)]
  0x000001a4573cd9d0 WorkerThread "GC Thread#4"                     [id=16196, stack(0x00000027e7100000,0x00000027e7200000) (1024K)]
  0x000001a45713d550 WorkerThread "GC Thread#5"                     [id=2564, stack(0x00000027e7200000,0x00000027e7300000) (1024K)]
  0x000001a4571730c0 WorkerThread "GC Thread#6"                     [id=228, stack(0x00000027e7300000,0x00000027e7400000) (1024K)]
  0x000001a4574a54a0 WorkerThread "GC Thread#7"                     [id=18244, stack(0x00000027e7500000,0x00000027e7600000) (1024K)]
  0x000001a457462330 WorkerThread "GC Thread#8"                     [id=20104, stack(0x00000027e7900000,0x00000027e7a00000) (1024K)]
  0x000001a4571a3e60 WorkerThread "GC Thread#9"                     [id=11724, stack(0x00000027e7a00000,0x00000027e7b00000) (1024K)]
Total: 12

Threads with active compile tasks:
C2 CompilerThread0  6344 7300  s    4       org.eclipse.jdt.internal.compiler.classfmt.MethodInfo::readExceptionAttributes (212 bytes)
C1 CompilerThread0  6345 7331       2       com.google.common.collect.ImmutableList::construct (8 bytes)
C2 CompilerThread1  6345 6959 %     4       org.eclipse.jdt.internal.core.search.indexing.BinaryIndexer::extractReferenceFromConstantPool @ 15 (358 bytes)
C2 CompilerThread2  6345 7099 % !   4       org.eclipse.jdt.internal.compiler.classfmt.ClassFileReader::<init> @ 81 (2135 bytes)
Total: 4

VM state: synchronizing (normal execution)

VM Mutex/Monitor currently owned by a thread:  ([mutex/lock_event])
[0x00007ffe9ca1c308] Metaspace_lock - owner thread: 0x000001a450d53ce0
[0x00007ffe9ca1e308] Threads_lock - owner thread: 0x000001a450d43aa0
[0x00007ffe9ca1e408] Heap_lock - owner thread: 0x000001a457a5a890

Heap address: 0x0000000080000000, size: 2048 MB, Compressed Oops mode: 32-bit

CDS archive(s) mapped at: [0x000001a40f000000-0x000001a40fba0000-0x000001a40fba0000), size 12189696, SharedBaseAddress: 0x000001a40f000000, ArchiveRelocationMode: 1.
Compressed class space mapped at: 0x000001a410000000-0x000001a450000000, reserved size: 1073741824
Narrow klass base: 0x000001a40f000000, Narrow klass shift: 0, Narrow klass range: 0x100000000

GC Precious Log:
 CardTable entry size: 512
 CPUs: 12 total, 12 available
 Memory: 16236M
 Large Page Support: Disabled
 NUMA Support: Disabled
 Compressed Oops: Enabled (32-bit)
 Alignments: Space 512K, Generation 512K, Heap 2M
 Heap Min Capacity: 100M
 Heap Initial Capacity: 100M
 Heap Max Capacity: 2G
 Pre-touch: Disabled
 Parallel Workers: 10

Heap:
 PSYoungGen      total 24064K, used 23623K [0x00000000d5580000, 0x00000000d7100000, 0x0000000100000000)
  eden space 19968K, 100% used [0x00000000d5580000,0x00000000d6900000,0x00000000d6900000)
  from space 4096K, 89% used [0x00000000d6d00000,0x00000000d7091f38,0x00000000d7100000)
  to   space 4096K, 0% used [0x00000000d6900000,0x00000000d6900000,0x00000000d6d00000)
 ParOldGen       total 82432K, used 81925K [0x0000000080000000, 0x0000000085080000, 0x00000000d5580000)
  object space 82432K, 99% used [0x0000000080000000,0x00000000850014b8,0x0000000085080000)
 Metaspace       used 50456K, committed 51648K, reserved 1114112K
  class space    used 5331K, committed 5888K, reserved 1048576K

Card table byte_map: [0x000001a477d20000,0x000001a478130000] _byte_map_base: 0x000001a477920000

Marking Bits: (ParMarkBitMap*) 0x00007ffe9ca231f0
 Begin Bits: [0x000001a47b820000, 0x000001a47d820000)
 End Bits:   [0x000001a47d820000, 0x000001a47f820000)

Polling page: 0x000001a4778c0000

Metaspace:

Usage:
  Non-class:     44.07 MB used.
      Class:      5.21 MB used.
       Both:     49.27 MB used.

Virtual space:
  Non-class space:       64.00 MB reserved,      44.69 MB ( 70%) committed,  1 nodes.
      Class space:        1.00 GB reserved,       5.75 MB ( <1%) committed,  1 nodes.
             Both:        1.06 GB reserved,      50.44 MB (  5%) committed. 

Chunk freelists:
   Non-Class:  2.98 MB
       Class:  10.06 MB
        Both:  13.05 MB

MaxMetaspaceSize: unlimited
CompressedClassSpaceSize: 1.00 GB
Initial GC threshold: 21.00 MB
Current GC threshold: 58.38 MB
CDS: on
 - commit_granule_bytes: 65536.
 - commit_granule_words: 8192.
 - virtual_space_node_default_size: 8388608.
 - enlarge_chunks_in_place: 1.
 - use_allocation_guard: 0.


Internal statistics:

num_allocs_failed_limit: 6.
num_arena_births: 1000.
num_arena_deaths: 14.
num_vsnodes_births: 2.
num_vsnodes_deaths: 0.
num_space_committed: 807.
num_space_uncommitted: 0.
num_chunks_returned_to_freelist: 20.
num_chunks_taken_from_freelist: 3123.
num_chunk_merges: 7.
num_chunk_splits: 1888.
num_chunks_enlarged: 1059.
num_inconsistent_stats: 0.

CodeHeap 'non-profiled nmethods': size=120000Kb used=3058Kb max_used=3058Kb free=116941Kb
 bounds [0x000001a407ad0000, 0x000001a407dd0000, 0x000001a40f000000]
CodeHeap 'profiled nmethods': size=120000Kb used=13781Kb max_used=13781Kb free=106218Kb
 bounds [0x000001a400000000, 0x000001a400d80000, 0x000001a407530000]
CodeHeap 'non-nmethods': size=5760Kb used=1424Kb max_used=1520Kb free=4335Kb
 bounds [0x000001a407530000, 0x000001a4077a0000, 0x000001a407ad0000]
 total_blobs=7367 nmethods=6637 adapters=636
 compilation: enabled
              stopped_count=0, restarted_count=0
 full_count=0

Compilation events (20 events):
Event: 6.288 Thread 0x000001a450d53ce0 7315       2       com.google.common.cache.LocalCache::get (21 bytes)
Event: 6.288 Thread 0x000001a450d53ce0 nmethod 7315 0x000001a400d6c410 code [0x000001a400d6c600, 0x000001a400d6c8d0]
Event: 6.304 Thread 0x000001a450d53ce0 7316       2       sun.reflect.annotation.AnnotatedTypeFactory::buildAnnotatedType (156 bytes)
Event: 6.304 Thread 0x000001a450d53ce0 nmethod 7316 0x000001a400d6cb10 code [0x000001a400d6ce00, 0x000001a400d6da28]
Event: 6.304 Thread 0x000001a450d53ce0 7317       2       com.google.common.collect.ImmutableList::iterator (5 bytes)
Event: 6.304 Thread 0x000001a450d53ce0 nmethod 7317 0x000001a400d6df90 code [0x000001a400d6e140, 0x000001a400d6e270]
Event: 6.304 Thread 0x000001a450d53ce0 7318       2       com.google.common.collect.ImmutableList::iterator (5 bytes)
Event: 6.304 Thread 0x000001a450d53ce0 nmethod 7318 0x000001a400d6e310 code [0x000001a400d6e4c0, 0x000001a400d6e5f8]
Event: 6.305 Thread 0x000001a450d53ce0 7319       2       com.google.common.collect.ImmutableList::listIterator (6 bytes)
Event: 6.305 Thread 0x000001a450d53ce0 nmethod 7319 0x000001a400d6e710 code [0x000001a400d6e8c0, 0x000001a400d6e9f8]
Event: 6.305 Thread 0x000001a450d53ce0 7320       2       com.google.common.collect.RegularImmutableList::listIterator (9 bytes)
Event: 6.305 Thread 0x000001a450d53ce0 nmethod 7320 0x000001a400d6ea90 code [0x000001a400d6ec40, 0x000001a400d6ee88]
Event: 6.305 Thread 0x000001a450d53ce0 7321       2       sun.reflect.annotation.TypeAnnotationParser::mapTypeAnnotations (128 bytes)
Event: 6.306 Thread 0x000001a450d53ce0 nmethod 7321 0x000001a400d6f010 code [0x000001a400d6f2a0, 0x000001a400d6f8b0]
Event: 6.307 Thread 0x000001a450d53ce0 7322       3       org.eclipse.jdt.internal.compiler.classfmt.MethodInfo::decodeMethodAnnotations (177 bytes)
Event: 6.312 Thread 0x000001a450d53ce0 nmethod 7322 0x000001a400d6fd10 code [0x000001a400d6ff40, 0x000001a400d70948]
Event: 6.312 Thread 0x000001a450d53ce0 7323       3       org.eclipse.jdt.internal.compiler.classfmt.MethodInfoWithAnnotations::<init> (90 bytes)
Event: 6.312 Thread 0x000001a450d53ce0 nmethod 7323 0x000001a400d70d10 code [0x000001a400d70ec0, 0x000001a400d711e0]
Event: 6.312 Thread 0x000001a450d53ce0 7325       2       java.util.Arrays::fill (21 bytes)
Event: 6.312 Thread 0x000001a450d53ce0 nmethod 7325 0x000001a400d71390 code [0x000001a400d71540, 0x000001a400d71728]

GC Heap History (20 events):
Event: 5.635 GC heap before
{Heap before GC invocations=35 (full 2):
 PSYoungGen      total 16896K, used 16449K [0x00000000d5580000, 0x00000000d6980000, 0x0000000100000000)
  eden space 14336K, 100% used [0x00000000d5580000,0x00000000d6380000,0x00000000d6380000)
  from space 2560K, 82% used [0x00000000d6700000,0x00000000d6910540,0x00000000d6980000)
  to   space 2560K, 0% used [0x00000000d6380000,0x00000000d6380000,0x00000000d6600000)
 ParOldGen       total 68608K, used 53345K [0x0000000080000000, 0x0000000084300000, 0x00000000d5580000)
  object space 68608K, 77% used [0x0000000080000000,0x0000000083418568,0x0000000084300000)
 Metaspace       used 48237K, committed 49472K, reserved 1114112K
  class space    used 5063K, committed 5632K, reserved 1048576K
}
Event: 5.638 GC heap after
{Heap after GC invocations=35 (full 2):
 PSYoungGen      total 16896K, used 2533K [0x00000000d5580000, 0x00000000d6f80000, 0x0000000100000000)
  eden space 14336K, 0% used [0x00000000d5580000,0x00000000d5580000,0x00000000d6380000)
  from space 2560K, 98% used [0x00000000d6380000,0x00000000d65f9440,0x00000000d6600000)
  to   space 6144K, 0% used [0x00000000d6980000,0x00000000d6980000,0x00000000d6f80000)
 ParOldGen       total 68608K, used 55937K [0x0000000080000000, 0x0000000084300000, 0x00000000d5580000)
  object space 68608K, 81% used [0x0000000080000000,0x00000000836a0478,0x0000000084300000)
 Metaspace       used 48237K, committed 49472K, reserved 1114112K
  class space    used 5063K, committed 5632K, reserved 1048576K
}
Event: 5.679 GC heap before
{Heap before GC invocations=36 (full 2):
 PSYoungGen      total 16896K, used 16869K [0x00000000d5580000, 0x00000000d6f80000, 0x0000000100000000)
  eden space 14336K, 100% used [0x00000000d5580000,0x00000000d6380000,0x00000000d6380000)
  from space 2560K, 98% used [0x00000000d6380000,0x00000000d65f9440,0x00000000d6600000)
  to   space 6144K, 0% used [0x00000000d6980000,0x00000000d6980000,0x00000000d6f80000)
 ParOldGen       total 68608K, used 55937K [0x0000000080000000, 0x0000000084300000, 0x00000000d5580000)
  object space 68608K, 81% used [0x0000000080000000,0x00000000836a0478,0x0000000084300000)
 Metaspace       used 48386K, committed 49728K, reserved 1114112K
  class space    used 5085K, committed 5696K, reserved 1048576K
}
Event: 5.689 GC heap after
{Heap after GC invocations=36 (full 2):
 PSYoungGen      total 17920K, used 3373K [0x00000000d5580000, 0x00000000d6d00000, 0x0000000100000000)
  eden space 14336K, 0% used [0x00000000d5580000,0x00000000d5580000,0x00000000d6380000)
  from space 3584K, 94% used [0x00000000d6980000,0x00000000d6ccb4b8,0x00000000d6d00000)
  to   space 4096K, 0% used [0x00000000d6500000,0x00000000d6500000,0x00000000d6900000)
 ParOldGen       total 68608K, used 58169K [0x0000000080000000, 0x0000000084300000, 0x00000000d5580000)
  object space 68608K, 84% used [0x0000000080000000,0x00000000838ce7c8,0x0000000084300000)
 Metaspace       used 48386K, committed 49728K, reserved 1114112K
  class space    used 5085K, committed 5696K, reserved 1048576K
}
Event: 5.736 GC heap before
{Heap before GC invocations=37 (full 2):
 PSYoungGen      total 17920K, used 17709K [0x00000000d5580000, 0x00000000d6d00000, 0x0000000100000000)
  eden space 14336K, 100% used [0x00000000d5580000,0x00000000d6380000,0x00000000d6380000)
  from space 3584K, 94% used [0x00000000d6980000,0x00000000d6ccb4b8,0x00000000d6d00000)
  to   space 4096K, 0% used [0x00000000d6500000,0x00000000d6500000,0x00000000d6900000)
 ParOldGen       total 68608K, used 58169K [0x0000000080000000, 0x0000000084300000, 0x00000000d5580000)
  object space 68608K, 84% used [0x0000000080000000,0x00000000838ce7c8,0x0000000084300000)
 Metaspace       used 48914K, committed 50240K, reserved 1114112K
  class space    used 5147K, committed 5760K, reserved 1048576K
}
Event: 5.739 GC heap after
{Heap after GC invocations=37 (full 2):
 PSYoungGen      total 17408K, used 2995K [0x00000000d5580000, 0x00000000d6a80000, 0x0000000100000000)
  eden space 14336K, 0% used [0x00000000d5580000,0x00000000d5580000,0x00000000d6380000)
  from space 3072K, 97% used [0x00000000d6500000,0x00000000d67ecdd8,0x00000000d6800000)
  to   space 2560K, 0% used [0x00000000d6800000,0x00000000d6800000,0x00000000d6a80000)
 ParOldGen       total 68608K, used 61295K [0x0000000080000000, 0x0000000084300000, 0x00000000d5580000)
  object space 68608K, 89% used [0x0000000080000000,0x0000000083bdbc18,0x0000000084300000)
 Metaspace       used 48914K, committed 50240K, reserved 1114112K
  class space    used 5147K, committed 5760K, reserved 1048576K
}
Event: 5.791 GC heap before
{Heap before GC invocations=38 (full 2):
 PSYoungGen      total 17408K, used 17331K [0x00000000d5580000, 0x00000000d6a80000, 0x0000000100000000)
  eden space 14336K, 100% used [0x00000000d5580000,0x00000000d6380000,0x00000000d6380000)
  from space 3072K, 97% used [0x00000000d6500000,0x00000000d67ecdd8,0x00000000d6800000)
  to   space 2560K, 0% used [0x00000000d6800000,0x00000000d6800000,0x00000000d6a80000)
 ParOldGen       total 68608K, used 61295K [0x0000000080000000, 0x0000000084300000, 0x00000000d5580000)
  object space 68608K, 89% used [0x0000000080000000,0x0000000083bdbc18,0x0000000084300000)
 Metaspace       used 49349K, committed 50624K, reserved 1114112K
  class space    used 5195K, committed 5760K, reserved 1048576K
}
Event: 5.809 GC heap after
{Heap after GC invocations=38 (full 2):
 PSYoungGen      total 15360K, used 2553K [0x00000000d5580000, 0x00000000d6f80000, 0x0000000100000000)
  eden space 12800K, 0% used [0x00000000d5580000,0x00000000d5580000,0x00000000d6200000)
  from space 2560K, 99% used [0x00000000d6800000,0x00000000d6a7e4f8,0x00000000d6a80000)
  to   space 6144K, 0% used [0x00000000d6200000,0x00000000d6200000,0x00000000d6800000)
 ParOldGen       total 68608K, used 64048K [0x0000000080000000, 0x0000000084300000, 0x00000000d5580000)
  object space 68608K, 93% used [0x0000000080000000,0x0000000083e8c3e8,0x0000000084300000)
 Metaspace       used 49349K, committed 50624K, reserved 1114112K
  class space    used 5195K, committed 5760K, reserved 1048576K
}
Event: 5.843 GC heap before
{Heap before GC invocations=39 (full 2):
 PSYoungGen      total 15360K, used 15353K [0x00000000d5580000, 0x00000000d6f80000, 0x0000000100000000)
  eden space 12800K, 100% used [0x00000000d5580000,0x00000000d6200000,0x00000000d6200000)
  from space 2560K, 99% used [0x00000000d6800000,0x00000000d6a7e4f8,0x00000000d6a80000)
  to   space 6144K, 0% used [0x00000000d6200000,0x00000000d6200000,0x00000000d6800000)
 ParOldGen       total 68608K, used 64048K [0x0000000080000000, 0x0000000084300000, 0x00000000d5580000)
  object space 68608K, 93% used [0x0000000080000000,0x0000000083e8c3e8,0x0000000084300000)
 Metaspace       used 49565K, committed 50880K, reserved 1114112K
  class space    used 5222K, committed 5824K, reserved 1048576K
}
Event: 5.846 GC heap after
{Heap after GC invocations=39 (full 2):
 PSYoungGen      total 15872K, used 2763K [0x00000000d5580000, 0x00000000d6a00000, 0x0000000100000000)
  eden space 12800K, 0% used [0x00000000d5580000,0x00000000d5580000,0x00000000d6200000)
  from space 3072K, 89% used [0x00000000d6200000,0x00000000d64b2f80,0x00000000d6500000)
  to   space 4096K, 0% used [0x00000000d6600000,0x00000000d6600000,0x00000000d6a00000)
 ParOldGen       total 68608K, used 66430K [0x0000000080000000, 0x0000000084300000, 0x00000000d5580000)
  object space 68608K, 96% used [0x0000000080000000,0x00000000840df880,0x0000000084300000)
 Metaspace       used 49565K, committed 50880K, reserved 1114112K
  class space    used 5222K, committed 5824K, reserved 1048576K
}
Event: 5.898 GC heap before
{Heap before GC invocations=40 (full 2):
 PSYoungGen      total 15872K, used 15563K [0x00000000d5580000, 0x00000000d6a00000, 0x0000000100000000)
  eden space 12800K, 100% used [0x00000000d5580000,0x00000000d6200000,0x00000000d6200000)
  from space 3072K, 89% used [0x00000000d6200000,0x00000000d64b2f80,0x00000000d6500000)
  to   space 4096K, 0% used [0x00000000d6600000,0x00000000d6600000,0x00000000d6a00000)
 ParOldGen       total 68608K, used 66430K [0x0000000080000000, 0x0000000084300000, 0x00000000d5580000)
  object space 68608K, 96% used [0x0000000080000000,0x00000000840df880,0x0000000084300000)
 Metaspace       used 49684K, committed 51008K, reserved 1114112K
  class space    used 5238K, committed 5824K, reserved 1048576K
}
Event: 5.911 GC heap after
{Heap after GC invocations=40 (full 2):
 PSYoungGen      total 15872K, used 2978K [0x00000000d5580000, 0x00000000d6900000, 0x0000000100000000)
  eden space 12800K, 0% used [0x00000000d5580000,0x00000000d5580000,0x00000000d6200000)
  from space 3072K, 96% used [0x00000000d6600000,0x00000000d68e8b90,0x00000000d6900000)
  to   space 3072K, 0% used [0x00000000d6200000,0x00000000d6200000,0x00000000d6500000)
 ParOldGen       total 69120K, used 69002K [0x0000000080000000, 0x0000000084380000, 0x00000000d5580000)
  object space 69120K, 99% used [0x0000000080000000,0x0000000084362998,0x0000000084380000)
 Metaspace       used 49684K, committed 51008K, reserved 1114112K
  class space    used 5238K, committed 5824K, reserved 1048576K
}
Event: 5.952 GC heap before
{Heap before GC invocations=41 (full 2):
 PSYoungGen      total 15872K, used 15778K [0x00000000d5580000, 0x00000000d6900000, 0x0000000100000000)
  eden space 12800K, 100% used [0x00000000d5580000,0x00000000d6200000,0x00000000d6200000)
  from space 3072K, 96% used [0x00000000d6600000,0x00000000d68e8b90,0x00000000d6900000)
  to   space 3072K, 0% used [0x00000000d6200000,0x00000000d6200000,0x00000000d6500000)
 ParOldGen       total 69120K, used 69002K [0x0000000080000000, 0x0000000084380000, 0x00000000d5580000)
  object space 69120K, 99% used [0x0000000080000000,0x0000000084362998,0x0000000084380000)
 Metaspace       used 49710K, committed 51008K, reserved 1114112K
  class space    used 5240K, committed 5824K, reserved 1048576K
}
Event: 5.995 GC heap after
{Heap after GC invocations=41 (full 2):
 PSYoungGen      total 15872K, used 3053K [0x00000000d5580000, 0x00000000d7000000, 0x0000000100000000)
  eden space 12800K, 0% used [0x00000000d5580000,0x00000000d5580000,0x00000000d6200000)
  from space 3072K, 99% used [0x00000000d6200000,0x00000000d64fb5d0,0x00000000d6500000)
  to   space 7168K, 0% used [0x00000000d6900000,0x00000000d6900000,0x00000000d7000000)
 ParOldGen       total 72192K, used 72092K [0x0000000080000000, 0x0000000084680000, 0x00000000d5580000)
  object space 72192K, 99% used [0x0000000080000000,0x0000000084667220,0x0000000084680000)
 Metaspace       used 49710K, committed 51008K, reserved 1114112K
  class space    used 5240K, committed 5824K, reserved 1048576K
}
Event: 6.043 GC heap before
{Heap before GC invocations=42 (full 2):
 PSYoungGen      total 15872K, used 15853K [0x00000000d5580000, 0x00000000d7000000, 0x0000000100000000)
  eden space 12800K, 100% used [0x00000000d5580000,0x00000000d6200000,0x00000000d6200000)
  from space 3072K, 99% used [0x00000000d6200000,0x00000000d64fb5d0,0x00000000d6500000)
  to   space 7168K, 0% used [0x00000000d6900000,0x00000000d6900000,0x00000000d7000000)
 ParOldGen       total 72192K, used 72092K [0x0000000080000000, 0x0000000084680000, 0x00000000d5580000)
  object space 72192K, 99% used [0x0000000080000000,0x0000000084667220,0x0000000084680000)
 Metaspace       used 49860K, committed 51136K, reserved 1114112K
  class space    used 5256K, committed 5824K, reserved 1048576K
}
Event: 6.076 GC heap after
{Heap after GC invocations=42 (full 2):
 PSYoungGen      total 20992K, used 2912K [0x00000000d5580000, 0x00000000d6e00000, 0x0000000100000000)
  eden space 15872K, 0% used [0x00000000d5580000,0x00000000d5580000,0x00000000d6500000)
  from space 5120K, 56% used [0x00000000d6900000,0x00000000d6bd8000,0x00000000d6e00000)
  to   space 4096K, 0% used [0x00000000d6500000,0x00000000d6500000,0x00000000d6900000)
 ParOldGen       total 76288K, used 75896K [0x0000000080000000, 0x0000000084a80000, 0x00000000d5580000)
  object space 76288K, 99% used [0x0000000080000000,0x0000000084a1e3c0,0x0000000084a80000)
 Metaspace       used 49860K, committed 51136K, reserved 1114112K
  class space    used 5256K, committed 5824K, reserved 1048576K
}
Event: 6.124 GC heap before
{Heap before GC invocations=43 (full 2):
 PSYoungGen      total 20992K, used 18784K [0x00000000d5580000, 0x00000000d6e00000, 0x0000000100000000)
  eden space 15872K, 100% used [0x00000000d5580000,0x00000000d6500000,0x00000000d6500000)
  from space 5120K, 56% used [0x00000000d6900000,0x00000000d6bd8000,0x00000000d6e00000)
  to   space 4096K, 0% used [0x00000000d6500000,0x00000000d6500000,0x00000000d6900000)
 ParOldGen       total 76288K, used 75896K [0x0000000080000000, 0x0000000084a80000, 0x00000000d5580000)
  object space 76288K, 99% used [0x0000000080000000,0x0000000084a1e3c0,0x0000000084a80000)
 Metaspace       used 50071K, committed 51328K, reserved 1114112K
  class space    used 5285K, committed 5888K, reserved 1048576K
}
Event: 6.175 GC heap after
{Heap after GC invocations=43 (full 2):
 PSYoungGen      total 19968K, used 3587K [0x00000000d5580000, 0x00000000d7100000, 0x0000000100000000)
  eden space 15872K, 0% used [0x00000000d5580000,0x00000000d5580000,0x00000000d6500000)
  from space 4096K, 87% used [0x00000000d6500000,0x00000000d6880ee0,0x00000000d6900000)
  to   space 4096K, 0% used [0x00000000d6d00000,0x00000000d6d00000,0x00000000d7100000)
 ParOldGen       total 78848K, used 78567K [0x0000000080000000, 0x0000000084d00000, 0x00000000d5580000)
  object space 78848K, 99% used [0x0000000080000000,0x0000000084cb9d00,0x0000000084d00000)
 Metaspace       used 50071K, committed 51328K, reserved 1114112K
  class space    used 5285K, committed 5888K, reserved 1048576K
}
Event: 6.214 GC heap before
{Heap before GC invocations=44 (full 2):
 PSYoungGen      total 19968K, used 19459K [0x00000000d5580000, 0x00000000d7100000, 0x0000000100000000)
  eden space 15872K, 100% used [0x00000000d5580000,0x00000000d6500000,0x00000000d6500000)
  from space 4096K, 87% used [0x00000000d6500000,0x00000000d6880ee0,0x00000000d6900000)
  to   space 4096K, 0% used [0x00000000d6d00000,0x00000000d6d00000,0x00000000d7100000)
 ParOldGen       total 78848K, used 78567K [0x0000000080000000, 0x0000000084d00000, 0x00000000d5580000)
  object space 78848K, 99% used [0x0000000080000000,0x0000000084cb9d00,0x0000000084d00000)
 Metaspace       used 50172K, committed 51456K, reserved 1114112K
  class space    used 5300K, committed 5888K, reserved 1048576K
}
Event: 6.258 GC heap after
{Heap after GC invocations=44 (full 2):
 PSYoungGen      total 24064K, used 3655K [0x00000000d5580000, 0x00000000d7100000, 0x0000000100000000)
  eden space 19968K, 0% used [0x00000000d5580000,0x00000000d5580000,0x00000000d6900000)
  from space 4096K, 89% used [0x00000000d6d00000,0x00000000d7091f38,0x00000000d7100000)
  to   space 4096K, 0% used [0x00000000d6900000,0x00000000d6900000,0x00000000d6d00000)
 ParOldGen       total 82432K, used 81925K [0x0000000080000000, 0x0000000085080000, 0x00000000d5580000)
  object space 82432K, 99% used [0x0000000080000000,0x00000000850014b8,0x0000000085080000)
 Metaspace       used 50172K, committed 51456K, reserved 1114112K
  class space    used 5300K, committed 5888K, reserved 1048576K
}

Dll operation events (12 events):
Event: 0.010 Loaded shared library c:\Users\PC\.vscode\extensions\redhat.java-1.43.1-win32-x64\jre\21.0.7-win32-x86_64\bin\java.dll
Event: 0.083 Loaded shared library c:\Users\PC\.vscode\extensions\redhat.java-1.43.1-win32-x64\jre\21.0.7-win32-x86_64\bin\zip.dll
Event: 0.104 Loaded shared library C:\Users\PC\.vscode\extensions\redhat.java-1.43.1-win32-x64\jre\21.0.7-win32-x86_64\bin\instrument.dll
Event: 0.109 Loaded shared library C:\Users\PC\.vscode\extensions\redhat.java-1.43.1-win32-x64\jre\21.0.7-win32-x86_64\bin\net.dll
Event: 0.112 Loaded shared library C:\Users\PC\.vscode\extensions\redhat.java-1.43.1-win32-x64\jre\21.0.7-win32-x86_64\bin\nio.dll
Event: 0.115 Loaded shared library C:\Users\PC\.vscode\extensions\redhat.java-1.43.1-win32-x64\jre\21.0.7-win32-x86_64\bin\zip.dll
Event: 0.128 Loaded shared library C:\Users\PC\.vscode\extensions\redhat.java-1.43.1-win32-x64\jre\21.0.7-win32-x86_64\bin\jimage.dll
Event: 0.198 Loaded shared library c:\Users\PC\.vscode\extensions\redhat.java-1.43.1-win32-x64\jre\21.0.7-win32-x86_64\bin\verify.dll
Event: 1.234 Loaded shared library C:\Users\PC\AppData\Roaming\Code\User\globalStorage\redhat.java\1.43.1\config_win\org.eclipse.equinox.launcher\org.eclipse.equinox.launcher.win32.win32.x86_64_1.2.1300.v20250331-1702\eclipse_11911.dll
Event: 2.739 Loaded shared library C:\Users\PC\AppData\Local\Temp\jna--332156882\jna9751589913992602621.dll
Event: 4.144 Loaded shared library C:\Users\PC\.vscode\extensions\redhat.java-1.43.1-win32-x64\jre\21.0.7-win32-x86_64\bin\sunmscapi.dll
Event: 4.464 Loaded shared library C:\Users\PC\.vscode\extensions\redhat.java-1.43.1-win32-x64\jre\21.0.7-win32-x86_64\bin\extnet.dll

Deoptimization events (20 events):
Event: 6.018 Thread 0x000001a457a5a890 DEOPT PACKING pc=0x000001a40022bbfb sp=0x00000027e82fe060
Event: 6.018 Thread 0x000001a457a5a890 DEOPT UNPACKING pc=0x000001a407584242 sp=0x00000027e82fd598 mode 0
Event: 6.027 Thread 0x000001a457a5a890 DEOPT PACKING pc=0x000001a40022bbfb sp=0x00000027e82fe060
Event: 6.027 Thread 0x000001a457a5a890 DEOPT UNPACKING pc=0x000001a407584242 sp=0x00000027e82fd598 mode 0
Event: 6.033 Thread 0x000001a457a5a890 DEOPT PACKING pc=0x000001a40022bbfb sp=0x00000027e82fe060
Event: 6.033 Thread 0x000001a457a5a890 DEOPT UNPACKING pc=0x000001a407584242 sp=0x00000027e82fd598 mode 0
Event: 6.038 Thread 0x000001a457a5a890 DEOPT PACKING pc=0x000001a40022bbfb sp=0x00000027e82fe060
Event: 6.038 Thread 0x000001a457a5a890 DEOPT UNPACKING pc=0x000001a407584242 sp=0x00000027e82fd598 mode 0
Event: 6.088 Thread 0x000001a457a5a890 DEOPT PACKING pc=0x000001a40022bbfb sp=0x00000027e82fe060
Event: 6.088 Thread 0x000001a457a5a890 DEOPT UNPACKING pc=0x000001a407584242 sp=0x00000027e82fd598 mode 0
Event: 6.094 Thread 0x000001a457a5a890 DEOPT PACKING pc=0x000001a40022bbfb sp=0x00000027e82fe060
Event: 6.094 Thread 0x000001a457a5a890 DEOPT UNPACKING pc=0x000001a407584242 sp=0x00000027e82fd598 mode 0
Event: 6.099 Thread 0x000001a457a5a890 DEOPT PACKING pc=0x000001a40022bbfb sp=0x00000027e82fe060
Event: 6.099 Thread 0x000001a457a5a890 DEOPT UNPACKING pc=0x000001a407584242 sp=0x00000027e82fd598 mode 0
Event: 6.106 Thread 0x000001a457a5a890 DEOPT PACKING pc=0x000001a40022bbfb sp=0x00000027e82fe060
Event: 6.106 Thread 0x000001a457a5a890 DEOPT UNPACKING pc=0x000001a407584242 sp=0x00000027e82fd598 mode 0
Event: 6.115 Thread 0x000001a457a5a890 DEOPT PACKING pc=0x000001a40022bbfb sp=0x00000027e82fe060
Event: 6.115 Thread 0x000001a457a5a890 DEOPT UNPACKING pc=0x000001a407584242 sp=0x00000027e82fd598 mode 0
Event: 6.176 Thread 0x000001a457a5a890 DEOPT PACKING pc=0x000001a40022bbfb sp=0x00000027e82fe060
Event: 6.176 Thread 0x000001a457a5a890 DEOPT UNPACKING pc=0x000001a407584242 sp=0x00000027e82fd598 mode 0

Classes loaded (20 events):
Event: 5.254 Loading class java/lang/reflect/AnnotatedParameterizedType done
Event: 5.254 Loading class sun/reflect/annotation/AnnotatedTypeFactory$AnnotatedParameterizedTypeImpl done
Event: 5.407 Loading class java/util/WeakHashMap$KeyIterator
Event: 5.407 Loading class java/util/WeakHashMap$KeyIterator done
Event: 5.427 Loading class java/util/concurrent/CompletionService
Event: 5.428 Loading class java/util/concurrent/CompletionService done
Event: 5.676 Loading class java/lang/invoke/MethodHandleImpl$CountingWrapper
Event: 5.676 Loading class java/lang/invoke/MethodHandleImpl$CountingWrapper done
Event: 5.694 Loading class java/util/ImmutableCollections$SubList
Event: 5.694 Loading class java/util/ImmutableCollections$SubList done
Event: 5.726 Loading class sun/nio/ch/WindowsAsynchronousFileChannelImpl$WriteTask
Event: 5.739 Loading class sun/nio/ch/WindowsAsynchronousFileChannelImpl$WriteTask done
Event: 5.746 Loading class jdk/internal/math/FormattedFPDecimal
Event: 5.746 Loading class jdk/internal/math/FormattedFPDecimal done
Event: 5.762 Loading class sun/reflect/generics/scope/ConstructorScope
Event: 5.762 Loading class sun/reflect/generics/scope/ConstructorScope done
Event: 5.762 Loading class sun/reflect/generics/tree/VoidDescriptor
Event: 5.762 Loading class sun/reflect/generics/tree/VoidDescriptor done
Event: 6.020 Loading class java/nio/channels/ServerSocketChannel
Event: 6.021 Loading class java/nio/channels/ServerSocketChannel done

Classes unloaded (7 events):
Event: 3.410 Thread 0x000001a450d43aa0 Unloading class 0x000001a4101a5000 'java/lang/invoke/LambdaForm$MH+0x000001a4101a5000'
Event: 3.410 Thread 0x000001a450d43aa0 Unloading class 0x000001a4101a4c00 'java/lang/invoke/LambdaForm$MH+0x000001a4101a4c00'
Event: 3.410 Thread 0x000001a450d43aa0 Unloading class 0x000001a4101a4800 'java/lang/invoke/LambdaForm$MH+0x000001a4101a4800'
Event: 3.410 Thread 0x000001a450d43aa0 Unloading class 0x000001a4101a4400 'java/lang/invoke/LambdaForm$MH+0x000001a4101a4400'
Event: 3.410 Thread 0x000001a450d43aa0 Unloading class 0x000001a4101a4000 'java/lang/invoke/LambdaForm$BMH+0x000001a4101a4000'
Event: 3.410 Thread 0x000001a450d43aa0 Unloading class 0x000001a4101a3c00 'java/lang/invoke/LambdaForm$DMH+0x000001a4101a3c00'
Event: 3.410 Thread 0x000001a450d43aa0 Unloading class 0x000001a4101a2800 'java/lang/invoke/LambdaForm$DMH+0x000001a4101a2800'

Classes redefined (0 events):
No events

Internal exceptions (20 events):
Event: 4.720 Thread 0x000001a457a5bc40 Exception <a 'java/lang/NoClassDefFoundError'{0x00000000d669acc8}: javax/enterprise/inject/Typed> (0x00000000d669acc8) 
thrown [s\src\hotspot\share\classfile\systemDictionary.cpp, line 301]
Event: 5.042 Thread 0x000001a457a5a890 Implicit null exception at 0x000001a407bc6ae0 to 0x000001a407bc6bf4
Event: 5.109 Thread 0x000001a457a59b70 Exception <a 'java/lang/NoSuchMethodError'{0x00000000d5a13a50}: 'void java.lang.invoke.DirectMethodHandle$Holder.invokeStaticInit(java.lang.Object, java.lang.Object, java.lang.Object, java.lang.Object)'> (0x00000000d5a13a50) 
thrown [s\src\hotspot\share\interpreter\linkResolver.cpp, line 773]
Event: 5.416 Thread 0x000001a457a5c960 Exception <a 'java/io/FileNotFoundException'{0x00000000d5589a88}> (0x00000000d5589a88) 
thrown [s\src\hotspot\share\prims\jni.cpp, line 520]
Event: 5.416 Thread 0x000001a457a5c960 Exception <a 'java/io/FileNotFoundException'{0x00000000d558aaa8}> (0x00000000d558aaa8) 
thrown [s\src\hotspot\share\prims\jni.cpp, line 520]
Event: 5.416 Thread 0x000001a457a5c960 Exception <a 'java/io/FileNotFoundException'{0x00000000d558b828}> (0x00000000d558b828) 
thrown [s\src\hotspot\share\prims\jni.cpp, line 520]
Event: 5.437 Thread 0x000001a4599fd220 Exception <a 'sun/nio/fs/WindowsException'{0x00000000d5b75a58}> (0x00000000d5b75a58) 
thrown [s\src\hotspot\share\prims\jni.cpp, line 520]
Event: 5.437 Thread 0x000001a4599fd220 Exception <a 'sun/nio/fs/WindowsException'{0x00000000d5b912d8}> (0x00000000d5b912d8) 
thrown [s\src\hotspot\share\prims\jni.cpp, line 520]
Event: 5.522 Thread 0x000001a4599fd220 Exception <a 'sun/nio/fs/WindowsException'{0x00000000d5dc4bc8}> (0x00000000d5dc4bc8) 
thrown [s\src\hotspot\share\prims\jni.cpp, line 520]
Event: 5.522 Thread 0x000001a4599fd220 Exception <a 'sun/nio/fs/WindowsException'{0x00000000d5dc54a8}> (0x00000000d5dc54a8) 
thrown [s\src\hotspot\share\prims\jni.cpp, line 520]
Event: 5.590 Thread 0x000001a459a006a0 Exception <a 'java/io/FileNotFoundException'{0x00000000d5ef95e0}> (0x00000000d5ef95e0) 
thrown [s\src\hotspot\share\prims\jni.cpp, line 520]
Event: 5.621 Thread 0x000001a4599fd220 Exception <a 'java/io/FileNotFoundException'{0x00000000d61d0bd8}> (0x00000000d61d0bd8) 
thrown [s\src\hotspot\share\prims\jni.cpp, line 520]
Event: 5.621 Thread 0x000001a4599fd220 Exception <a 'java/io/FileNotFoundException'{0x00000000d61d1bf8}> (0x00000000d61d1bf8) 
thrown [s\src\hotspot\share\prims\jni.cpp, line 520]
Event: 5.624 Thread 0x000001a4599fd220 Exception <a 'java/io/FileNotFoundException'{0x00000000d6353dd0}> (0x00000000d6353dd0) 
thrown [s\src\hotspot\share\prims\jni.cpp, line 520]
Event: 5.624 Thread 0x000001a4599fd220 Exception <a 'java/io/FileNotFoundException'{0x00000000d6355188}> (0x00000000d6355188) 
thrown [s\src\hotspot\share\prims\jni.cpp, line 520]
Event: 5.624 Thread 0x000001a4599fd220 Exception <a 'java/io/FileNotFoundException'{0x00000000d63561c8}> (0x00000000d63561c8) 
thrown [s\src\hotspot\share\prims\jni.cpp, line 520]
Event: 5.675 Thread 0x000001a459a006a0 Exception <a 'java/lang/NoSuchMethodError'{0x00000000d625f8f8}: 'java.lang.Object java.lang.invoke.DirectMethodHandle$Holder.invokeStatic(java.lang.Object, int, java.lang.Object, java.lang.Object)'> (0x00000000d625f8f8) 
thrown [s\src\hotspot\share\interpreter\linkResolver.cpp, line 773]
Event: 5.675 Thread 0x000001a459a006a0 Exception <a 'java/lang/NoSuchMethodError'{0x00000000d62635b0}: 'java.lang.Object java.lang.invoke.DelegatingMethodHandle$Holder.delegate(java.lang.Object, int, java.lang.Object, java.lang.Object)'> (0x00000000d62635b0) 
thrown [s\src\hotspot\share\interpreter\linkResolver.cpp, line 773]
Event: 5.678 Thread 0x000001a459a006a0 Exception <a 'java/lang/NoSuchMethodError'{0x00000000d632d908}: 'int java.lang.invoke.Invokers$Holder.linkToTargetMethod(java.lang.Object, java.lang.Object, java.lang.Object)'> (0x00000000d632d908) 
thrown [s\src\hotspot\share\interpreter\linkResolver.cpp, line 773]
Event: 5.743 Thread 0x000001a4599fd220 Exception <a 'java/lang/NoSuchMethodError'{0x00000000d56c00f0}: 'int java.lang.invoke.DirectMethodHandle$Holder.invokeSpecialIFC(java.lang.Object, java.lang.Object, java.lang.Object, java.lang.Object)'> (0x00000000d56c00f0) 
thrown [s\src\hotspot\share\interpreter\linkResolver.cpp, line 773]

ZGC Phase Switch (0 events):
No events

VM Operations (20 events):
Event: 5.625 Executing VM operation: ParallelGCFailedAllocation (Allocation Failure)
Event: 5.638 Executing VM operation: ParallelGCFailedAllocation (Allocation Failure) done
Event: 5.679 Executing VM operation: ParallelGCFailedAllocation (Allocation Failure)
Event: 5.689 Executing VM operation: ParallelGCFailedAllocation (Allocation Failure) done
Event: 5.728 Executing VM operation: ParallelGCFailedAllocation (Allocation Failure)
Event: 5.739 Executing VM operation: ParallelGCFailedAllocation (Allocation Failure) done
Event: 5.786 Executing VM operation: ParallelGCFailedAllocation (Allocation Failure)
Event: 5.810 Executing VM operation: ParallelGCFailedAllocation (Allocation Failure) done
Event: 5.843 Executing VM operation: ParallelGCFailedAllocation (Allocation Failure)
Event: 5.846 Executing VM operation: ParallelGCFailedAllocation (Allocation Failure) done
Event: 5.898 Executing VM operation: ParallelGCFailedAllocation (Allocation Failure)
Event: 5.911 Executing VM operation: ParallelGCFailedAllocation (Allocation Failure) done
Event: 5.952 Executing VM operation: ParallelGCFailedAllocation (Allocation Failure)
Event: 5.996 Executing VM operation: ParallelGCFailedAllocation (Allocation Failure) done
Event: 6.043 Executing VM operation: ParallelGCFailedAllocation (Allocation Failure)
Event: 6.076 Executing VM operation: ParallelGCFailedAllocation (Allocation Failure) done
Event: 6.124 Executing VM operation: ParallelGCFailedAllocation (Allocation Failure)
Event: 6.175 Executing VM operation: ParallelGCFailedAllocation (Allocation Failure) done
Event: 6.211 Executing VM operation: ParallelGCFailedAllocation (Allocation Failure)
Event: 6.258 Executing VM operation: ParallelGCFailedAllocation (Allocation Failure) done

Memory protections (0 events):
No events

Nmethod flushes (20 events):
Event: 4.329 Thread 0x000001a450d43aa0 flushing  nmethod 0x000001a400682a10
Event: 4.329 Thread 0x000001a450d43aa0 flushing  nmethod 0x000001a400683210
Event: 4.329 Thread 0x000001a450d43aa0 flushing  nmethod 0x000001a400684f10
Event: 4.329 Thread 0x000001a450d43aa0 flushing  nmethod 0x000001a400686390
Event: 4.329 Thread 0x000001a450d43aa0 flushing  nmethod 0x000001a400687890
Event: 4.329 Thread 0x000001a450d43aa0 flushing  nmethod 0x000001a400688290
Event: 4.329 Thread 0x000001a450d43aa0 flushing  nmethod 0x000001a400688790
Event: 4.329 Thread 0x000001a450d43aa0 flushing  nmethod 0x000001a400688a90
Event: 4.329 Thread 0x000001a450d43aa0 flushing  nmethod 0x000001a4006ade90
Event: 4.329 Thread 0x000001a450d43aa0 flushing  nmethod 0x000001a4006da710
Event: 4.329 Thread 0x000001a450d43aa0 flushing  nmethod 0x000001a4006daa10
Event: 4.329 Thread 0x000001a450d43aa0 flushing  nmethod 0x000001a40071f410
Event: 4.329 Thread 0x000001a450d43aa0 flushing  nmethod 0x000001a400747810
Event: 4.329 Thread 0x000001a450d43aa0 flushing  nmethod 0x000001a400762090
Event: 4.329 Thread 0x000001a450d43aa0 flushing  nmethod 0x000001a400762a10
Event: 4.329 Thread 0x000001a450d43aa0 flushing  nmethod 0x000001a400764b90
Event: 4.329 Thread 0x000001a450d43aa0 flushing  nmethod 0x000001a400786d10
Event: 4.329 Thread 0x000001a450d43aa0 flushing  nmethod 0x000001a400791a10
Event: 4.329 Thread 0x000001a450d43aa0 flushing  nmethod 0x000001a400791e90
Event: 4.329 Thread 0x000001a450d43aa0 flushing  nmethod 0x000001a4007af510

Events (20 events):
Event: 4.175 Thread 0x000001a4783cd4a0 Thread added: 0x000001a4576b1500
Event: 4.175 Thread 0x000001a4783cd4a0 Thread added: 0x000001a4576b35d0
Event: 4.175 Thread 0x000001a4783cd4a0 Thread added: 0x000001a4576b1b90
Event: 4.175 Thread 0x000001a4783cd4a0 Thread added: 0x000001a4576b2f40
Event: 4.175 Thread 0x000001a4783cd4a0 Thread added: 0x000001a4576b3c60
Event: 4.175 Thread 0x000001a4783cd4a0 Thread added: 0x000001a4576b07e0
Event: 4.175 Thread 0x000001a4783cd4a0 Thread added: 0x000001a4576b2220
Event: 4.175 Thread 0x000001a4783cd4a0 Thread added: 0x000001a4576b28b0
Event: 4.175 Thread 0x000001a4783cd4a0 Thread added: 0x000001a4599fd8b0
Event: 4.175 Thread 0x000001a4783cd4a0 Thread added: 0x000001a4599fc500
Event: 4.175 Thread 0x000001a4783cd4a0 Thread added: 0x000001a4599fcb90
Event: 4.206 Thread 0x000001a4783cd4a0 Thread added: 0x000001a4599fec60
Event: 4.416 Thread 0x000001a457a5bc40 Thread added: 0x000001a459a00010
Event: 4.418 Thread 0x000001a457a5bc40 Thread added: 0x000001a4599fd220
Event: 4.435 Thread 0x000001a4783cd4a0 Thread added: 0x000001a459a013c0
Event: 4.436 Thread 0x000001a4783cd4a0 Thread added: 0x000001a459a006a0
Event: 4.511 Thread 0x000001a459a00010 Thread added: 0x000001a4599ff980
Event: 4.872 Thread 0x000001a457a59b70 Thread added: 0x000001a459a00d30
Event: 4.873 Thread 0x000001a459a00d30 Thread exited: 0x000001a459a00d30
Event: 5.058 Thread 0x000001a457a59b70 Thread added: 0x000001a4599fdf40


Dynamic libraries:
0x00007ff699d90000 - 0x00007ff699d9e000 	c:\Users\PC\.vscode\extensions\redhat.java-1.43.1-win32-x64\jre\21.0.7-win32-x86_64\bin\java.exe
0x00007fff54120000 - 0x00007fff54380000 	C:\WINDOWS\SYSTEM32\ntdll.dll
0x00007fff53290000 - 0x00007fff53357000 	C:\WINDOWS\System32\KERNEL32.DLL
0x00007fff51740000 - 0x00007fff51b0a000 	C:\WINDOWS\System32\KERNELBASE.dll
0x00007fff51c90000 - 0x00007fff51ddb000 	C:\WINDOWS\System32\ucrtbase.dll
0x00007fff31d20000 - 0x00007fff31d38000 	c:\Users\PC\.vscode\extensions\redhat.java-1.43.1-win32-x64\jre\21.0.7-win32-x86_64\bin\jli.dll
0x00007fff51fb0000 - 0x00007fff5217c000 	C:\WINDOWS\System32\USER32.dll
0x00007fff51b10000 - 0x00007fff51b37000 	C:\WINDOWS\System32\win32u.dll
0x00007fff52870000 - 0x00007fff5289a000 	C:\WINDOWS\System32\GDI32.dll
0x00007fff51de0000 - 0x00007fff51f11000 	C:\WINDOWS\System32\gdi32full.dll
0x00007fff51690000 - 0x00007fff51733000 	C:\WINDOWS\System32\msvcp_win.dll
0x00007fff29940000 - 0x00007fff2995e000 	c:\Users\PC\.vscode\extensions\redhat.java-1.43.1-win32-x64\jre\21.0.7-win32-x86_64\bin\VCRUNTIME140.dll
0x00007fff29140000 - 0x00007fff293d7000 	C:\WINDOWS\WinSxS\amd64_microsoft.windows.common-controls_6595b64144ccf1df_6.0.26100.3624_none_3e086962e3345f24\COMCTL32.dll
0x00007fff53fc0000 - 0x00007fff54069000 	C:\WINDOWS\System32\msvcrt.dll
0x00007fff53490000 - 0x00007fff534bf000 	C:\WINDOWS\System32\IMM32.DLL
0x00007fff05110000 - 0x00007fff0522a000 	C:\Program Files\Topaz OFD\Warsaw\wslbscr64.dll
0x00007fff53110000 - 0x00007fff531c2000 	C:\WINDOWS\System32\ADVAPI32.dll
0x00007fff531d0000 - 0x00007fff53276000 	C:\WINDOWS\System32\sechost.dll
0x00007fff53360000 - 0x00007fff53476000 	C:\WINDOWS\System32\RPCRT4.dll
0x00007fff528b0000 - 0x00007fff52fd9000 	C:\WINDOWS\System32\SHELL32.dll
0x00007fff513a0000 - 0x00007fff51508000 	C:\WINDOWS\System32\wintypes.dll
0x00007fff535d0000 - 0x00007fff53952000 	C:\WINDOWS\System32\combase.dll
0x00007fff50230000 - 0x00007fff50265000 	C:\WINDOWS\SYSTEM32\ntmarta.dll
0x00007fff04e80000 - 0x00007fff04f7a000 	C:\Program Files\Topaz OFD\Warsaw\wslbscrwh64.dll
0x00007fff44330000 - 0x00007fff4433c000 	c:\Users\PC\.vscode\extensions\redhat.java-1.43.1-win32-x64\jre\21.0.7-win32-x86_64\bin\vcruntime140_1.dll
0x00007fff058d0000 - 0x00007fff0595d000 	c:\Users\PC\.vscode\extensions\redhat.java-1.43.1-win32-x64\jre\21.0.7-win32-x86_64\bin\msvcp140.dll
0x00007ffe9bd70000 - 0x00007ffe9cb00000 	c:\Users\PC\.vscode\extensions\redhat.java-1.43.1-win32-x64\jre\21.0.7-win32-x86_64\bin\server\jvm.dll
0x00007fff52650000 - 0x00007fff526c4000 	C:\WINDOWS\System32\WS2_32.dll
0x00007fff51170000 - 0x00007fff511ce000 	C:\WINDOWS\SYSTEM32\POWRPROF.dll
0x00007fff41c00000 - 0x00007fff41c36000 	C:\WINDOWS\SYSTEM32\WINMM.dll
0x00007fff48d10000 - 0x00007fff48d1b000 	C:\WINDOWS\SYSTEM32\VERSION.dll
0x00007fff51150000 - 0x00007fff51164000 	C:\WINDOWS\SYSTEM32\UMPDC.dll
0x00007fff50110000 - 0x00007fff5012a000 	C:\WINDOWS\SYSTEM32\kernel.appcore.dll
0x00007fff37770000 - 0x00007fff3777a000 	c:\Users\PC\.vscode\extensions\redhat.java-1.43.1-win32-x64\jre\21.0.7-win32-x86_64\bin\jimage.dll
0x00007fff407f0000 - 0x00007fff40a31000 	C:\WINDOWS\SYSTEM32\DBGHELP.DLL
0x000001a477a60000 - 0x000001a477b36000 	C:\WINDOWS\System32\OLEAUT32.dll
0x00007fff378f0000 - 0x00007fff37929000 	C:\WINDOWS\SYSTEM32\dbgcore.DLL
0x00007fff51300000 - 0x00007fff51399000 	C:\WINDOWS\System32\bcryptPrimitives.dll
0x00007fff33130000 - 0x00007fff3313f000 	c:\Users\PC\.vscode\extensions\redhat.java-1.43.1-win32-x64\jre\21.0.7-win32-x86_64\bin\instrument.dll
0x00007fff26130000 - 0x00007fff2614f000 	c:\Users\PC\.vscode\extensions\redhat.java-1.43.1-win32-x64\jre\21.0.7-win32-x86_64\bin\java.dll
0x00007fff4efe0000 - 0x00007fff4f832000 	C:\WINDOWS\SYSTEM32\windows.storage.dll
0x00007fff52560000 - 0x00007fff5264d000 	C:\WINDOWS\System32\SHCORE.dll
0x00007fff54070000 - 0x00007fff540d4000 	C:\WINDOWS\System32\shlwapi.dll
0x00007fff511e0000 - 0x00007fff5120f000 	C:\WINDOWS\SYSTEM32\profapi.dll
0x00007fff4c220000 - 0x00007fff4c238000 	c:\Users\PC\.vscode\extensions\redhat.java-1.43.1-win32-x64\jre\21.0.7-win32-x86_64\bin\zip.dll
0x00007fff31d50000 - 0x00007fff31d60000 	C:\Users\PC\.vscode\extensions\redhat.java-1.43.1-win32-x64\jre\21.0.7-win32-x86_64\bin\net.dll
0x00007fff4ac10000 - 0x00007fff4ad2d000 	C:\WINDOWS\SYSTEM32\WINHTTP.dll
0x00007fff50630000 - 0x00007fff5069a000 	C:\WINDOWS\system32\mswsock.dll
0x00007fff080b0000 - 0x00007fff080c6000 	C:\Users\PC\.vscode\extensions\redhat.java-1.43.1-win32-x64\jre\21.0.7-win32-x86_64\bin\nio.dll
0x00007fff2aed0000 - 0x00007fff2aee0000 	c:\Users\PC\.vscode\extensions\redhat.java-1.43.1-win32-x64\jre\21.0.7-win32-x86_64\bin\verify.dll
0x00007fff05880000 - 0x00007fff058c5000 	C:\Users\PC\AppData\Roaming\Code\User\globalStorage\redhat.java\1.43.1\config_win\org.eclipse.equinox.launcher\org.eclipse.equinox.launcher.win32.win32.x86_64_1.2.1300.v20250331-1702\eclipse_11911.dll
0x00007fff526d0000 - 0x00007fff52866000 	C:\WINDOWS\System32\ole32.dll
0x00007fff508d0000 - 0x00007fff508ec000 	C:\WINDOWS\SYSTEM32\CRYPTSP.dll
0x00007fff50070000 - 0x00007fff500aa000 	C:\WINDOWS\system32\rsaenh.dll
0x00007fff506d0000 - 0x00007fff506fb000 	C:\WINDOWS\SYSTEM32\USERENV.dll
0x00007fff51220000 - 0x00007fff51246000 	C:\WINDOWS\SYSTEM32\bcrypt.dll
0x00007fff508f0000 - 0x00007fff508fc000 	C:\WINDOWS\SYSTEM32\CRYPTBASE.dll
0x00007fff4fb40000 - 0x00007fff4fb73000 	C:\WINDOWS\SYSTEM32\IPHLPAPI.DLL
0x00007fff53480000 - 0x00007fff5348a000 	C:\WINDOWS\System32\NSI.dll
0x00007ffefffa0000 - 0x00007ffefffe9000 	C:\Users\PC\AppData\Local\Temp\jna--332156882\jna9751589913992602621.dll
0x00007fff528a0000 - 0x00007fff528a8000 	C:\WINDOWS\System32\PSAPI.DLL
0x00007fff4aa70000 - 0x00007fff4aa8f000 	C:\WINDOWS\SYSTEM32\dhcpcsvc6.DLL
0x00007fff4a5d0000 - 0x00007fff4a5f5000 	C:\WINDOWS\SYSTEM32\dhcpcsvc.DLL
0x00007fff2aea0000 - 0x00007fff2aeae000 	C:\Users\PC\.vscode\extensions\redhat.java-1.43.1-win32-x64\jre\21.0.7-win32-x86_64\bin\sunmscapi.dll
0x00007fff51510000 - 0x00007fff51687000 	C:\WINDOWS\System32\CRYPT32.dll
0x00007fff50ad0000 - 0x00007fff50b00000 	C:\WINDOWS\SYSTEM32\ncrypt.dll
0x00007fff50a80000 - 0x00007fff50abf000 	C:\WINDOWS\SYSTEM32\NTASN1.dll
0x00007fff4fb80000 - 0x00007fff4fca5000 	C:\WINDOWS\SYSTEM32\DNSAPI.dll
0x00007fff48fe0000 - 0x00007fff48feb000 	C:\Windows\System32\rasadhlp.dll
0x00007fff4a2a0000 - 0x00007fff4a325000 	C:\WINDOWS\System32\fwpuclnt.dll
0x00007fff29c70000 - 0x00007fff29c79000 	C:\Users\PC\.vscode\extensions\redhat.java-1.43.1-win32-x64\jre\21.0.7-win32-x86_64\bin\extnet.dll

dbghelp: loaded successfully - version: 4.0.5 - missing functions: none
symbol engine: initialized successfully - sym options: 0x614 - pdb path: .;c:\Users\PC\.vscode\extensions\redhat.java-1.43.1-win32-x64\jre\21.0.7-win32-x86_64\bin;C:\WINDOWS\SYSTEM32;C:\WINDOWS\WinSxS\amd64_microsoft.windows.common-controls_6595b64144ccf1df_6.0.26100.3624_none_3e086962e3345f24;C:\Program Files\Topaz OFD\Warsaw;c:\Users\PC\.vscode\extensions\redhat.java-1.43.1-win32-x64\jre\21.0.7-win32-x86_64\bin\server;C:\Users\PC\AppData\Roaming\Code\User\globalStorage\redhat.java\1.43.1\config_win\org.eclipse.equinox.launcher\org.eclipse.equinox.launcher.win32.win32.x86_64_1.2.1300.v20250331-1702;C:\Users\PC\AppData\Local\Temp\jna--332156882

VM Arguments:
jvm_args: --add-modules=ALL-SYSTEM --add-opens=java.base/java.util=ALL-UNNAMED --add-opens=java.base/java.lang=ALL-UNNAMED --add-opens=java.base/sun.nio.fs=ALL-UNNAMED -Declipse.application=org.eclipse.jdt.ls.core.id1 -Dosgi.bundles.defaultStartLevel=4 -Declipse.product=org.eclipse.jdt.ls.core.product -Djava.import.generatesMetadataFilesAtProjectRoot=false -DDetectVMInstallationsJob.disabled=true -Dfile.encoding=utf8 -XX:+UseParallelGC -XX:GCTimeRatio=4 -XX:AdaptiveSizePolicyWeight=90 -Dsun.zip.disableMemoryMapping=true -Xmx2G -Xms100m -Xlog:disable -javaagent:c:\Users\PC\.vscode\extensions\redhat.java-1.43.1-win32-x64\lombok\lombok-1.18.39-4050.jar -XX:+HeapDumpOnOutOfMemoryError -XX:HeapDumpPath=c:\Users\PC\AppData\Roaming\Code\User\workspaceStorage\01e005c21acf5be0aefd708cab915f1a\redhat.java -Daether.dependencyCollector.impl=bf 
java_command: c:\Users\PC\.vscode\extensions\redhat.java-1.43.1-win32-x64\server\plugins\org.eclipse.equinox.launcher_1.7.0.v20250519-0528.jar -configuration c:\Users\PC\AppData\Roaming\Code\User\globalStorage\redhat.java\1.43.1\config_win -data c:\Users\PC\AppData\Roaming\Code\User\workspaceStorage\01e005c21acf5be0aefd708cab915f1a\redhat.java\jdt_ws --pipe=\\.\pipe\lsp-918bc08cdcf70dbf0cf76cff5b191bcf-sock
java_class_path (initial): c:\Users\PC\.vscode\extensions\redhat.java-1.43.1-win32-x64\server\plugins\org.eclipse.equinox.launcher_1.7.0.v20250519-0528.jar
Launcher Type: SUN_STANDARD

[Global flags]
    uintx AdaptiveSizePolicyWeight                 = 90                                        {product} {command line}
     intx CICompilerCount                          = 4                                         {product} {ergonomic}
    uintx GCTimeRatio                              = 4                                         {product} {command line}
     bool HeapDumpOnOutOfMemoryError               = true                                   {manageable} {command line}
    ccstr HeapDumpPath                             = c:\Users\PC\AppData\Roaming\Code\User\workspaceStorage\01e005c21acf5be0aefd708cab915f1a\redhat.java         {manageable} {command line}
   size_t InitialHeapSize                          = 104857600                                 {product} {command line}
   size_t MaxHeapSize                              = 2147483648                                {product} {command line}
   size_t MaxNewSize                               = 715653120                                 {product} {ergonomic}
   size_t MinHeapDeltaBytes                        = 524288                                    {product} {ergonomic}
   size_t MinHeapSize                              = 104857600                                 {product} {command line}
   size_t NewSize                                  = 34603008                                  {product} {ergonomic}
    uintx NonNMethodCodeHeapSize                   = 5839372                                {pd product} {ergonomic}
    uintx NonProfiledCodeHeapSize                  = 122909434                              {pd product} {ergonomic}
   size_t OldSize                                  = 70254592                                  {product} {ergonomic}
    uintx ProfiledCodeHeapSize                     = 122909434                              {pd product} {ergonomic}
    uintx ReservedCodeCacheSize                    = 251658240                              {pd product} {ergonomic}
     bool SegmentedCodeCache                       = true                                      {product} {ergonomic}
   size_t SoftMaxHeapSize                          = 2147483648                             {manageable} {ergonomic}
     bool UseCompressedOops                        = true                           {product lp64_product} {ergonomic}
     bool UseLargePagesIndividualAllocation        = false                                  {pd product} {ergonomic}
     bool UseParallelGC                            = true                                      {product} {command line}

Logging:
Log output configuration:
 #0: stdout all=off uptime,level,tags foldmultilines=false
 #1: stderr all=off uptime,level,tags foldmultilines=false

Environment Variables:
JAVA_HOME=C:\Program Files\Java\jdk-21
PATH=C:\Program Files\ImageMagick-7.1.1-Q16;C:\Program Files\Common Files\Oracle\Java\javapath;C:\Program Files (x86)\Common Files\Oracle\Java\java8path;C:\Program Files (x86)\Common Files\Oracle\Java\javapath;C:\Program Files (x86)\Common Files\Intel\Shared Libraries\redist\intel64\compiler;C:\WINDOWS\system32;C:\WINDOWS;C:\WINDOWS\System32\Wbem;C:\WINDOWS\System32\WindowsPowerShell\v1.0\;C:\WINDOWS\System32\OpenSSH\;C:\Program Files (x86)\NVIDIA Corporation\PhysX\Common;C:\Program Files\dotnet\;C:\mingw64\bin;C:\MinGW\bin;C:\Program Files\Git\cmd;C:\Program Files\nodejs\;C:\apache-maven-3.9.4;C:\apache-maven-3.9.4\bin;C:\gradle-8.13-all\gradle-8.13;C:\gradle-8.13-all\gradle-8.13\bin;C:\Program Files\MySQL\MySQL Server 8.0\bin;C:\Program Files\Java\jdk-21\bin;C:\Users\PC\AppData\Roaming\npm\node_modules\@angular\cli\bin;C:\Users\PC\AppData\Roaming\npm;C:\MinGW\bin;C:\MinGW;C:\Program Files\NVIDIA Corporation\NVIDIA App\NvDLISR;C:\Program Files\MongoDB\Server\8.0\bin;C:\Users\PC\AppData\Local\Programs\Python\Python313\Scripts\;C:\Users\PC\AppData\Local\Programs\Python\Python313\;C:\Program Files\ImageMagick-7.1.1-Q16;C:\Program Files\Common Files\Oracle\Java\javapath;C:\Program Files (x86)\Common Files\Oracle\Java\java8path;C:\Program Files (x86)\Common Files\Oracle\Java\javapath;C:\Program Files (x86)\Common Files\Intel\Shared Libraries\redist\intel64\compiler;C:\WINDOWS\system32;C:\WINDOWS;C:\WINDOWS\System32\Wbem;C:\WINDOWS\System32\WindowsPowerShell\v1.0\;C:\WINDOWS\System32\OpenSSH\;C:\Program Files (x86)\NVIDIA Corporation\PhysX\Common;C:\Program Files\dotnet\;C:\mingw64\bin;C:\MinGW\bin;C:\Program Files\Git\cmd;C:\Program Files\nodejs\;C:\apache-maven-3.9.4;C:\apache-maven-3.9.4\bin;C:\gradle-8.13-all\gradle-8.13;C:\gradle-8.13-all\gradle-8.13\bin;C:\Program Files\MySQL\MySQL Server 8.0\bin;C:\Program Files\Java\jdk-21\bin;C:\Users\PC\AppData\Roaming\npm\node_modules\@angular\cli\bin;C:\Users\PC\AppData\Roaming\npm;C:\MinGW\bin;C:\MinGW;C:\Program Files\NVIDIA Corporation\NVIDIA App\NvDLISR;C:\Program Files\MongoDB\Server\8.0\bin;C:\Users\PC\AppData\Local\Programs\Python\Python313\Scripts\;C:\Users\PC\AppData\Local\Programs\Python\Python313\;;C:\Users\PC\AppData\Local\Android\Sdk\tools;C:\Users\PC\AppData\Local\Android\Sdk\platform-tools;C:\Users\PC\AppData\Local\Programs\Microsoft VS Code\bin
USERNAME=Caio Ferreira
OS=Windows_NT
PROCESSOR_IDENTIFIER=Intel64 Family 6 Model 165 Stepping 3, GenuineIntel
TMP=C:\Users\PC\AppData\Local\Temp
TEMP=C:\Users\PC\AppData\Local\Temp




Periodic native trim disabled

---------------  S Y S T E M  ---------------

OS:
 Windows 11 , 64 bit Build 26100 (10.0.26100.3775)
OS uptime: 0 days 1:03 hours

CPU: total 12 (initial active 12) (6 cores per cpu, 2 threads per core) family 6 model 165 stepping 3 microcode 0xea, cx8, cmov, fxsr, ht, mmx, 3dnowpref, sse, sse2, sse3, ssse3, sse4.1, sse4.2, popcnt, lzcnt, tsc, tscinvbit, avx, avx2, aes, erms, clmul, bmi1, bmi2, adx, fma, vzeroupper, clflush, clflushopt, rdtscp, f16c
Processor Information for the first 12 processors :
  Max Mhz: 2904, Current Mhz: 2904, Mhz Limit: 2904

Memory: 4k page, system-wide physical 16236M (3651M free)
TotalPageFile size 18182M (AvailPageFile size 1M)
current process WorkingSet (physical memory assigned to process): 316M, peak: 316M
current process commit charge ("private bytes"): 374M, peak: 375M

vm_info: OpenJDK 64-Bit Server VM (21.0.7+6-LTS) for windows-amd64 JRE (21.0.7+6-LTS), built on 2025-04-15T00:00:00Z by "admin" with MS VC++ 17.7 (VS2022)

END.
